2021-08-31 13:25:40,697 [background-preinit] INFO  [org.hibernate.validator.internal.util.Version] Version.java:21 - HV000001: Hibernate Validator 6.2.0.Final
2021-08-31 13:25:41,013 [main] INFO  [c.u.j.c.EnableEncryptablePropertiesBeanFactoryPostProcessor] EnableEncryptablePropertiesBeanFactoryPostProcessor.java:50 - Post-processing PropertySource instances
2021-08-31 13:25:41,079 [main] INFO  [c.u.j.EncryptablePropertySourceConverter] EncryptablePropertySourceConverter.java:38 - Converting PropertySource configurationProperties [org.springframework.boot.context.properties.source.ConfigurationPropertySourcesPropertySource] to AOP Proxy
2021-08-31 13:25:41,080 [main] INFO  [c.u.j.EncryptablePropertySourceConverter] EncryptablePropertySourceConverter.java:38 - Converting PropertySource bootstrap [org.springframework.core.env.MapPropertySource] to EncryptableMapPropertySourceWrapper
2021-08-31 13:25:41,080 [main] INFO  [c.u.j.EncryptablePropertySourceConverter] EncryptablePropertySourceConverter.java:38 - Converting PropertySource systemProperties [org.springframework.core.env.PropertiesPropertySource] to EncryptableMapPropertySourceWrapper
2021-08-31 13:25:41,080 [main] INFO  [c.u.j.EncryptablePropertySourceConverter] EncryptablePropertySourceConverter.java:38 - Converting PropertySource systemEnvironment [org.springframework.boot.env.SystemEnvironmentPropertySourceEnvironmentPostProcessor$OriginAwareSystemEnvironmentPropertySource] to EncryptableMapPropertySourceWrapper
2021-08-31 13:25:41,081 [main] INFO  [c.u.j.EncryptablePropertySourceConverter] EncryptablePropertySourceConverter.java:38 - Converting PropertySource random [org.springframework.boot.env.RandomValuePropertySource] to EncryptablePropertySourceWrapper
2021-08-31 13:25:41,081 [main] INFO  [c.u.j.EncryptablePropertySourceConverter] EncryptablePropertySourceConverter.java:38 - Converting PropertySource cachedrandom [org.springframework.cloud.util.random.CachedRandomPropertySource] to EncryptablePropertySourceWrapper
2021-08-31 13:25:41,082 [main] INFO  [c.u.j.EncryptablePropertySourceConverter] EncryptablePropertySourceConverter.java:38 - Converting PropertySource springCloudClientHostInfo [org.springframework.core.env.MapPropertySource] to EncryptableMapPropertySourceWrapper
2021-08-31 13:25:41,082 [main] INFO  [c.u.j.EncryptablePropertySourceConverter] EncryptablePropertySourceConverter.java:38 - Converting PropertySource Config resource 'class path resource [bootstrap.yml]' via location 'optional:classpath:/' [org.springframework.boot.env.OriginTrackedMapPropertySource] to EncryptableMapPropertySourceWrapper
2021-08-31 13:25:41,133 [main] INFO  [c.u.j.filter.DefaultLazyPropertyFilter] DefaultLazyPropertyFilter.java:31 - Property Filter custom Bean not found with name 'encryptablePropertyFilter'. Initializing Default Property Filter
2021-08-31 13:25:41,140 [main] INFO  [c.u.j.resolver.DefaultLazyPropertyResolver] DefaultLazyPropertyResolver.java:31 - Property Resolver custom Bean not found with name 'encryptablePropertyResolver'. Initializing Default Property Resolver
2021-08-31 13:25:41,142 [main] INFO  [c.u.j.detector.DefaultLazyPropertyDetector] DefaultLazyPropertyDetector.java:30 - Property Detector custom Bean not found with name 'encryptablePropertyDetector'. Initializing Default Property Detector
2021-08-31 13:25:41,411 [main] INFO  [c.u.j.c.EnableEncryptablePropertiesConfiguration] EnableEncryptablePropertiesConfiguration.java:69 - Bootstraping jasypt-string-boot auto configuration in context: dog-auth-1
2021-08-31 13:25:41,412 [main] INFO  [com.dog4cloud.dog.auth.PigAuthApplication] SpringApplication.java:663 - The following profiles are active: dev
2021-08-31 13:25:42,537 [main] INFO  [o.s.d.r.config.RepositoryConfigurationDelegate] RepositoryConfigurationDelegate.java:262 - Multiple Spring Data modules found, entering strict repository configuration mode!
2021-08-31 13:25:42,539 [main] INFO  [o.s.d.r.config.RepositoryConfigurationDelegate] RepositoryConfigurationDelegate.java:132 - Bootstrapping Spring Data Redis repositories in DEFAULT mode.
2021-08-31 13:25:42,558 [main] INFO  [o.s.d.r.config.RepositoryConfigurationDelegate] RepositoryConfigurationDelegate.java:201 - Finished Spring Data repository scanning in 7 ms. Found 0 Redis repository interfaces.
2021-08-31 13:25:42,878 [main] WARN  [org.mybatis.spring.mapper.ClassPathMapperScanner] Logger.java:44 - No MyBatis mapper was found in '[com.dog4cloud.dog.auth]' package. Please check your configuration.
2021-08-31 13:25:42,903 [main] INFO  [o.springframework.cloud.context.scope.GenericScope] GenericScope.java:283 - BeanFactory id=58d69f06-9bbc-3a50-b820-7f7e5fb2ac17
2021-08-31 13:25:42,964 [main] INFO  [c.u.j.c.EnableEncryptablePropertiesBeanFactoryPostProcessor] EnableEncryptablePropertiesBeanFactoryPostProcessor.java:50 - Post-processing PropertySource instances
2021-08-31 13:25:42,976 [main] INFO  [c.u.j.EncryptablePropertySourceConverter] EncryptablePropertySourceConverter.java:38 - Converting PropertySource bootstrapProperties-dog-auth-dev.yml,DEFAULT_GROUP [org.springframework.cloud.bootstrap.config.BootstrapPropertySource] to EncryptableEnumerablePropertySourceWrapper
2021-08-31 13:25:42,977 [main] INFO  [c.u.j.EncryptablePropertySourceConverter] EncryptablePropertySourceConverter.java:38 - Converting PropertySource bootstrapProperties-dog-auth.yml,DEFAULT_GROUP [org.springframework.cloud.bootstrap.config.BootstrapPropertySource] to EncryptableEnumerablePropertySourceWrapper
2021-08-31 13:25:42,977 [main] INFO  [c.u.j.EncryptablePropertySourceConverter] EncryptablePropertySourceConverter.java:38 - Converting PropertySource bootstrapProperties-dog-auth,DEFAULT_GROUP [org.springframework.cloud.bootstrap.config.BootstrapPropertySource] to EncryptableEnumerablePropertySourceWrapper
2021-08-31 13:25:42,977 [main] INFO  [c.u.j.EncryptablePropertySourceConverter] EncryptablePropertySourceConverter.java:38 - Converting PropertySource bootstrapProperties-application-dev.yml,DEFAULT_GROUP [org.springframework.cloud.bootstrap.config.BootstrapPropertySource] to EncryptableEnumerablePropertySourceWrapper
2021-08-31 13:25:42,978 [main] INFO  [c.u.j.EncryptablePropertySourceConverter] EncryptablePropertySourceConverter.java:38 - Converting PropertySource configurationProperties [org.springframework.boot.context.properties.source.ConfigurationPropertySourcesPropertySource] to AOP Proxy
2021-08-31 13:25:42,978 [main] INFO  [c.u.j.EncryptablePropertySourceConverter] EncryptablePropertySourceConverter.java:38 - Converting PropertySource servletConfigInitParams [org.springframework.core.env.PropertySource$StubPropertySource] to EncryptablePropertySourceWrapper
2021-08-31 13:25:42,978 [main] INFO  [c.u.j.EncryptablePropertySourceConverter] EncryptablePropertySourceConverter.java:38 - Converting PropertySource servletContextInitParams [org.springframework.core.env.PropertySource$StubPropertySource] to EncryptablePropertySourceWrapper
2021-08-31 13:25:42,979 [main] INFO  [c.u.j.EncryptablePropertySourceConverter] EncryptablePropertySourceConverter.java:38 - Converting PropertySource systemProperties [org.springframework.core.env.PropertiesPropertySource] to EncryptableMapPropertySourceWrapper
2021-08-31 13:25:42,979 [main] INFO  [c.u.j.EncryptablePropertySourceConverter] EncryptablePropertySourceConverter.java:38 - Converting PropertySource systemEnvironment [org.springframework.boot.env.SystemEnvironmentPropertySourceEnvironmentPostProcessor$OriginAwareSystemEnvironmentPropertySource] to EncryptableMapPropertySourceWrapper
2021-08-31 13:25:42,979 [main] INFO  [c.u.j.EncryptablePropertySourceConverter] EncryptablePropertySourceConverter.java:38 - Converting PropertySource random [org.springframework.boot.env.RandomValuePropertySource] to EncryptablePropertySourceWrapper
2021-08-31 13:25:42,979 [main] INFO  [c.u.j.EncryptablePropertySourceConverter] EncryptablePropertySourceConverter.java:38 - Converting PropertySource cachedrandom [org.springframework.cloud.util.random.CachedRandomPropertySource] to EncryptablePropertySourceWrapper
2021-08-31 13:25:42,979 [main] INFO  [c.u.j.EncryptablePropertySourceConverter] EncryptablePropertySourceConverter.java:38 - Converting PropertySource springCloudClientHostInfo [org.springframework.core.env.MapPropertySource] to EncryptableMapPropertySourceWrapper
2021-08-31 13:25:42,980 [main] INFO  [c.u.j.EncryptablePropertySourceConverter] EncryptablePropertySourceConverter.java:38 - Converting PropertySource springCloudDefaultProperties [org.springframework.core.env.MapPropertySource] to EncryptableMapPropertySourceWrapper
2021-08-31 13:25:42,998 [main] INFO  [c.u.j.filter.DefaultLazyPropertyFilter] DefaultLazyPropertyFilter.java:31 - Property Filter custom Bean not found with name 'encryptablePropertyFilter'. Initializing Default Property Filter
2021-08-31 13:25:43,292 [main] INFO  [c.u.j.resolver.DefaultLazyPropertyResolver] DefaultLazyPropertyResolver.java:31 - Property Resolver custom Bean not found with name 'encryptablePropertyResolver'. Initializing Default Property Resolver
2021-08-31 13:25:43,292 [main] INFO  [c.u.j.detector.DefaultLazyPropertyDetector] DefaultLazyPropertyDetector.java:30 - Property Detector custom Bean not found with name 'encryptablePropertyDetector'. Initializing Default Property Detector
2021-08-31 13:25:43,316 [main] INFO  [o.s.c.s.PostProcessorRegistrationDelegate$BeanPostProcessorChecker] PostProcessorRegistrationDelegate.java:376 - Bean 'spring.cloud.sentinel-com.alibaba.cloud.sentinel.SentinelProperties' of type [com.alibaba.cloud.sentinel.SentinelProperties] is not eligible for getting processed by all BeanPostProcessors (for example: not eligible for auto-proxying)
2021-08-31 13:25:43,378 [main] INFO  [o.s.c.s.PostProcessorRegistrationDelegate$BeanPostProcessorChecker] PostProcessorRegistrationDelegate.java:376 - Bean 'com.alibaba.cloud.sentinel.custom.SentinelAutoConfiguration' of type [com.alibaba.cloud.sentinel.custom.SentinelAutoConfiguration] is not eligible for getting processed by all BeanPostProcessors (for example: not eligible for auto-proxying)
2021-08-31 13:25:43,661 [main] WARN  [io.undertow.websockets.jsr] Bootstrap.java:68 - UT026010: Buffer pool was not set on WebSocketDeploymentInfo, the default pool will be used
2021-08-31 13:25:43,684 [main] INFO  [io.undertow.servlet] ServletContextImpl.java:382 - Initializing Spring embedded WebApplicationContext
2021-08-31 13:25:43,684 [main] INFO  [o.s.b.w.s.c.ServletWebServerApplicationContext] ServletWebServerApplicationContext.java:290 - Root WebApplicationContext: initialization completed in 2256 ms
2021-08-31 13:25:44,284 [main] WARN  [o.s.cloud.openfeign.FeignClientFactoryBean] FeignClientFactoryBean.java:386 - The provided URL is empty. Will try picking an instance via load-balancing.
2021-08-31 13:25:45,412 [main] INFO  [c.a.cloud.sentinel.SentinelWebAutoConfiguration] SentinelWebAutoConfiguration.java:80 - [Sentinel Starter] register SentinelWebInterceptor with urlPatterns: [/**].
2021-08-31 13:25:45,618 [main] INFO  [com.alibaba.nacos.client.naming] InitUtils.java:65 - initializer namespace from System Property :null
2021-08-31 13:25:45,619 [main] INFO  [com.alibaba.nacos.client.naming] InitUtils.java:74 - initializer namespace from System Environment :null
2021-08-31 13:25:45,620 [main] INFO  [com.alibaba.nacos.client.naming] InitUtils.java:84 - initializer namespace from System Property :null
2021-08-31 13:25:45,942 [main] WARN  [o.s.cloud.openfeign.FeignClientFactoryBean] FeignClientFactoryBean.java:386 - The provided URL is empty. Will try picking an instance via load-balancing.
2021-08-31 13:25:46,853 [main] INFO  [o.s.security.web.DefaultSecurityFilterChain] DefaultSecurityFilterChain.java:51 - Will secure Ant [pattern='/css/**'] with []
2021-08-31 13:25:46,925 [main] INFO  [o.s.security.web.DefaultSecurityFilterChain] DefaultSecurityFilterChain.java:51 - Will secure Or [Ant [pattern='/oauth/token'], Ant [pattern='/oauth/token_key'], Ant [pattern='/oauth/check_token']] with [org.springframework.security.web.context.request.async.WebAsyncManagerIntegrationFilter@79349b61, org.springframework.security.web.context.SecurityContextPersistenceFilter@11ca8f71, org.springframework.security.web.header.HeaderWriterFilter@79c849c7, org.springframework.security.web.authentication.logout.LogoutFilter@731fae, org.springframework.security.oauth2.provider.client.ClientCredentialsTokenEndpointFilter@3a45308f, org.springframework.security.web.authentication.www.BasicAuthenticationFilter@1aaf73b7, org.springframework.security.web.savedrequest.RequestCacheAwareFilter@1ee22768, org.springframework.security.web.servletapi.SecurityContextHolderAwareRequestFilter@5eba9e41, org.springframework.security.web.authentication.AnonymousAuthenticationFilter@62581ef6, org.springframework.security.web.session.SessionManagementFilter@5e9f1a4c, org.springframework.security.web.access.ExceptionTranslationFilter@43ca96a0, org.springframework.security.web.access.intercept.FilterSecurityInterceptor@1d535b78]
2021-08-31 13:25:46,935 [main] INFO  [o.s.security.web.DefaultSecurityFilterChain] DefaultSecurityFilterChain.java:51 - Will secure any request with [org.springframework.security.web.context.request.async.WebAsyncManagerIntegrationFilter@2a341e3d, org.springframework.security.web.context.SecurityContextPersistenceFilter@1fb30e5d, org.springframework.security.web.header.HeaderWriterFilter@5e8698c0, org.springframework.security.web.authentication.logout.LogoutFilter@4cddc036, org.springframework.security.web.authentication.UsernamePasswordAuthenticationFilter@23d12a3a, org.springframework.security.web.savedrequest.RequestCacheAwareFilter@56a72887, org.springframework.security.web.servletapi.SecurityContextHolderAwareRequestFilter@3c8dea0b, org.springframework.security.web.authentication.AnonymousAuthenticationFilter@a4dcede, org.springframework.security.web.session.SessionManagementFilter@5df54296, org.springframework.security.web.access.ExceptionTranslationFilter@131b58d4, org.springframework.security.web.access.intercept.FilterSecurityInterceptor@2c731a16]
2021-08-31 13:25:47,041 [main] WARN  [o.s.c.l.c.LoadBalancerCacheAutoConfiguration$LoadBalancerCaffeineWarnLogger] LoadBalancerCacheAutoConfiguration.java:82 - Spring Cloud LoadBalancer is currently working with the default cache. You can switch to using Caffeine cache, by adding it and org.springframework.cache.caffeine.CaffeineCacheManager to the classpath.
2021-08-31 13:25:47,051 [main] INFO  [o.s.b.actuate.endpoint.web.EndpointLinksResolver] EndpointLinksResolver.java:58 - Exposing 20 endpoint(s) beneath base path '/actuator'
2021-08-31 13:25:47,256 [main] INFO  [io.undertow] Undertow.java:120 - starting server: Undertow - 2.2.9.Final
2021-08-31 13:25:47,263 [main] INFO  [org.xnio] Xnio.java:95 - XNIO version 3.8.4.Final
2021-08-31 13:25:47,270 [main] INFO  [org.xnio.nio] NioXnio.java:58 - XNIO NIO Implementation Version 3.8.4.Final
2021-08-31 13:25:47,313 [main] INFO  [org.jboss.threads] Version.java:52 - JBoss Threads version 3.1.0.Final
2021-08-31 13:25:47,370 [main] INFO  [o.s.boot.web.embedded.undertow.UndertowWebServer] UndertowWebServer.java:119 - Undertow started on port(s) 3000 (http)
2021-08-31 13:25:47,375 [main] INFO  [com.alibaba.nacos.client.naming] BeatReactor.java:81 - [BEAT] adding beat: BeatInfo{port=3000, ip='10.6.3.10', weight=1.0, serviceName='DEFAULT_GROUP@@dog-auth', cluster='DEFAULT', metadata={preserved.register.source=SPRING_CLOUD}, scheduled=false, period=5000, stopped=false} to beat map.
2021-08-31 13:25:47,376 [main] INFO  [com.alibaba.nacos.client.naming] NamingProxy.java:230 - [REGISTER-SERVICE] public registering service DEFAULT_GROUP@@dog-auth with instance: Instance{instanceId='null', ip='10.6.3.10', port=3000, weight=1.0, healthy=true, enabled=true, ephemeral=true, clusterName='DEFAULT', serviceName='null', metadata={preserved.register.source=SPRING_CLOUD}}
2021-08-31 13:25:47,383 [main] INFO  [c.a.cloud.nacos.registry.NacosServiceRegistry] NacosServiceRegistry.java:75 - nacos registry, DEFAULT_GROUP dog-auth 10.6.3.10:3000 register finished
2021-08-31 13:25:47,404 [main] INFO  [com.dog4cloud.dog.auth.PigAuthApplication] StartupInfoLogger.java:61 - Started PigAuthApplication in 7.501 seconds (JVM running for 8.516)
2021-08-31 13:25:47,408 [main] INFO  [com.alibaba.nacos.client.config.impl.ClientWorker] ClientWorker.java:239 - [fixed-dog-register_8848] [subscribe] dog-auth+DEFAULT_GROUP
2021-08-31 13:25:47,409 [main] INFO  [com.alibaba.nacos.client.config.impl.CacheData] CacheData.java:93 - [fixed-dog-register_8848] [add-listener] ok, tenant=, dataId=dog-auth, group=DEFAULT_GROUP, cnt=1
2021-08-31 13:25:47,409 [main] INFO  [com.alibaba.nacos.client.config.impl.ClientWorker] ClientWorker.java:239 - [fixed-dog-register_8848] [subscribe] dog-auth.yml+DEFAULT_GROUP
2021-08-31 13:25:47,410 [main] INFO  [com.alibaba.nacos.client.config.impl.CacheData] CacheData.java:93 - [fixed-dog-register_8848] [add-listener] ok, tenant=, dataId=dog-auth.yml, group=DEFAULT_GROUP, cnt=1
2021-08-31 13:25:47,410 [main] INFO  [com.alibaba.nacos.client.config.impl.ClientWorker] ClientWorker.java:239 - [fixed-dog-register_8848] [subscribe] dog-auth-dev.yml+DEFAULT_GROUP
2021-08-31 13:25:47,410 [main] INFO  [com.alibaba.nacos.client.config.impl.CacheData] CacheData.java:93 - [fixed-dog-register_8848] [add-listener] ok, tenant=, dataId=dog-auth-dev.yml, group=DEFAULT_GROUP, cnt=1
2021-08-31 13:25:47,869 [RMI TCP Connection(2)-127.0.0.1] INFO  [io.undertow.servlet] ServletContextImpl.java:382 - Initializing Spring DispatcherServlet 'dispatcherServlet'
2021-08-31 13:25:47,869 [RMI TCP Connection(2)-127.0.0.1] INFO  [org.springframework.web.servlet.DispatcherServlet] FrameworkServlet.java:525 - Initializing Servlet 'dispatcherServlet'
2021-08-31 13:25:47,872 [RMI TCP Connection(2)-127.0.0.1] INFO  [org.springframework.web.servlet.DispatcherServlet] FrameworkServlet.java:547 - Completed initialization in 3 ms
2021-08-31 13:25:47,894 [RMI TCP Connection(1)-127.0.0.1] INFO  [com.zaxxer.hikari.HikariDataSource] HikariDataSource.java:110 - HikariPool-1 - Starting...
2021-08-31 13:25:48,035 [RMI TCP Connection(1)-127.0.0.1] INFO  [com.zaxxer.hikari.HikariDataSource] HikariDataSource.java:123 - HikariPool-1 - Start completed.
2021-08-31 13:25:48,276 [com.alibaba.nacos.client.naming.updater] INFO  [com.alibaba.nacos.client.naming] HostReactor.java:228 - new ips(1) service: DEFAULT_GROUP@@dog-auth@@DEFAULT -> [{"instanceId":"10.6.3.10#3000#DEFAULT#DEFAULT_GROUP@@dog-auth","ip":"10.6.3.10","port":3000,"weight":1.0,"healthy":true,"enabled":true,"ephemeral":true,"clusterName":"DEFAULT","serviceName":"DEFAULT_GROUP@@dog-auth","metadata":{"preserved.register.source":"SPRING_CLOUD"},"ipDeleteTimeout":30000,"instanceHeartBeatInterval":5000,"instanceHeartBeatTimeOut":15000}]
2021-08-31 13:25:48,281 [com.alibaba.nacos.client.naming.updater] INFO  [com.alibaba.nacos.client.naming] HostReactor.java:267 - current ips:(1) service: DEFAULT_GROUP@@dog-auth@@DEFAULT -> [{"instanceId":"10.6.3.10#3000#DEFAULT#DEFAULT_GROUP@@dog-auth","ip":"10.6.3.10","port":3000,"weight":1.0,"healthy":true,"enabled":true,"ephemeral":true,"clusterName":"DEFAULT","serviceName":"DEFAULT_GROUP@@dog-auth","metadata":{"preserved.register.source":"SPRING_CLOUD"},"ipDeleteTimeout":30000,"instanceHeartBeatInterval":5000,"instanceHeartBeatTimeOut":15000}]
2021-08-31 14:17:17,608 [boundedElastic-2] INFO  [com.alibaba.nacos.client.naming] HostReactor.java:228 - new ips(1) service: DEFAULT_GROUP@@dog-upms-biz -> [{"instanceId":"10.6.3.10#4000#DEFAULT#DEFAULT_GROUP@@dog-upms-biz","ip":"10.6.3.10","port":4000,"weight":1.0,"healthy":true,"enabled":true,"ephemeral":true,"clusterName":"DEFAULT","serviceName":"DEFAULT_GROUP@@dog-upms-biz","metadata":{"preserved.register.source":"SPRING_CLOUD"},"ipDeleteTimeout":30000,"instanceHeartBeatInterval":5000,"instanceHeartBeatTimeOut":15000}]
2021-08-31 14:17:17,609 [boundedElastic-2] INFO  [com.alibaba.nacos.client.naming] HostReactor.java:267 - current ips:(1) service: DEFAULT_GROUP@@dog-upms-biz -> [{"instanceId":"10.6.3.10#4000#DEFAULT#DEFAULT_GROUP@@dog-upms-biz","ip":"10.6.3.10","port":4000,"weight":1.0,"healthy":true,"enabled":true,"ephemeral":true,"clusterName":"DEFAULT","serviceName":"DEFAULT_GROUP@@dog-upms-biz","metadata":{"preserved.register.source":"SPRING_CLOUD"},"ipDeleteTimeout":30000,"instanceHeartBeatInterval":5000,"instanceHeartBeatTimeOut":15000}]
2021-08-31 14:17:18,098 [XNIO-1 task-2] INFO  [c.d.d.a.h.PigAuthenticationSuccessEventHandler] PigAuthenticationSuccessEventHandler.java:45 - 用户：com.dog4cloud.dog.common.security.service.PigUser [Username=admin, Password=[PROTECTED], Enabled=true, AccountNonExpired=true, credentialsNonExpired=true, AccountNonLocked=true, Granted Authorities=[ROLE_1, gen_form_add, gen_form_del, gen_form_edit, sys_client_add, sys_client_del, sys_client_edit, sys_dept_add, sys_dept_del, sys_dept_edit, sys_dict_add, sys_dict_del, sys_dict_edit, sys_log_del, sys_menu_add, sys_menu_del, sys_menu_edit, sys_role_add, sys_role_del, sys_role_edit, sys_role_perm, sys_token_del, sys_user_add, sys_user_del, sys_user_edit]] 登录成功
2021-08-31 14:17:18,103 [XNIO-1 task-2] ERROR [io.undertow.request] LoggingExceptionHandler.java:80 - UT005023: Exception handling request to /token/form
java.lang.NullPointerException: null
	at java.util.Objects.requireNonNull(Objects.java:203)
	at com.dog4cloud.dog.common.log.util.SysLogUtils.getSysLog(SysLogUtils.java:51)
	at com.dog4cloud.dog.auth.handler.PigAuthenticationSuccessEventHandler.handle(PigAuthenticationSuccessEventHandler.java:46)
	at com.dog4cloud.dog.common.security.handler.AbstractAuthenticationSuccessEventHandler.onApplicationEvent(AbstractAuthenticationSuccessEventHandler.java:39)
	at com.dog4cloud.dog.common.security.handler.AbstractAuthenticationSuccessEventHandler.onApplicationEvent(AbstractAuthenticationSuccessEventHandler.java:28)
	at org.springframework.context.event.SimpleApplicationEventMulticaster.doInvokeListener(SimpleApplicationEventMulticaster.java:176)
	at org.springframework.context.event.SimpleApplicationEventMulticaster.invokeListener(SimpleApplicationEventMulticaster.java:169)
	at org.springframework.context.event.SimpleApplicationEventMulticaster.multicastEvent(SimpleApplicationEventMulticaster.java:143)
	at org.springframework.context.support.AbstractApplicationContext.publishEvent(AbstractApplicationContext.java:421)
	at org.springframework.context.support.AbstractApplicationContext.publishEvent(AbstractApplicationContext.java:378)
	at org.springframework.security.authentication.DefaultAuthenticationEventPublisher.publishAuthenticationSuccess(DefaultAuthenticationEventPublisher.java:99)
	at org.springframework.security.authentication.ProviderManager.authenticate(ProviderManager.java:226)
	at org.springframework.security.authentication.ProviderManager.authenticate(ProviderManager.java:201)
	at org.springframework.security.web.authentication.UsernamePasswordAuthenticationFilter.attemptAuthentication(UsernamePasswordAuthenticationFilter.java:85)
	at org.springframework.security.web.authentication.AbstractAuthenticationProcessingFilter.doFilter(AbstractAuthenticationProcessingFilter.java:222)
	at org.springframework.security.web.authentication.AbstractAuthenticationProcessingFilter.doFilter(AbstractAuthenticationProcessingFilter.java:212)
	at org.springframework.security.web.FilterChainProxy$VirtualFilterChain.doFilter(FilterChainProxy.java:336)
	at org.springframework.security.web.authentication.logout.LogoutFilter.doFilter(LogoutFilter.java:103)
	at org.springframework.security.web.authentication.logout.LogoutFilter.doFilter(LogoutFilter.java:89)
	at org.springframework.security.web.FilterChainProxy$VirtualFilterChain.doFilter(FilterChainProxy.java:336)
	at org.springframework.security.web.header.HeaderWriterFilter.doHeadersAfter(HeaderWriterFilter.java:90)
	at org.springframework.security.web.header.HeaderWriterFilter.doFilterInternal(HeaderWriterFilter.java:75)
	at org.springframework.web.filter.OncePerRequestFilter.doFilter(OncePerRequestFilter.java:119)
	at org.springframework.security.web.FilterChainProxy$VirtualFilterChain.doFilter(FilterChainProxy.java:336)
	at org.springframework.security.web.context.SecurityContextPersistenceFilter.doFilter(SecurityContextPersistenceFilter.java:110)
	at org.springframework.security.web.context.SecurityContextPersistenceFilter.doFilter(SecurityContextPersistenceFilter.java:80)
	at org.springframework.security.web.FilterChainProxy$VirtualFilterChain.doFilter(FilterChainProxy.java:336)
	at org.springframework.security.web.context.request.async.WebAsyncManagerIntegrationFilter.doFilterInternal(WebAsyncManagerIntegrationFilter.java:55)
	at org.springframework.web.filter.OncePerRequestFilter.doFilter(OncePerRequestFilter.java:119)
	at org.springframework.security.web.FilterChainProxy$VirtualFilterChain.doFilter(FilterChainProxy.java:336)
	at org.springframework.security.web.FilterChainProxy.doFilterInternal(FilterChainProxy.java:211)
	at org.springframework.security.web.FilterChainProxy.doFilter(FilterChainProxy.java:183)
	at org.springframework.web.filter.DelegatingFilterProxy.invokeDelegate(DelegatingFilterProxy.java:358)
	at org.springframework.web.filter.DelegatingFilterProxy.doFilter(DelegatingFilterProxy.java:271)
	at io.undertow.servlet.core.ManagedFilter.doFilter(ManagedFilter.java:61)
	at io.undertow.servlet.handlers.FilterHandler$FilterChainImpl.doFilter(FilterHandler.java:131)
	at org.springframework.web.filter.RequestContextFilter.doFilterInternal(RequestContextFilter.java:100)
	at org.springframework.web.filter.OncePerRequestFilter.doFilter(OncePerRequestFilter.java:119)
	at io.undertow.servlet.core.ManagedFilter.doFilter(ManagedFilter.java:61)
	at io.undertow.servlet.handlers.FilterHandler$FilterChainImpl.doFilter(FilterHandler.java:131)
	at org.springframework.web.filter.FormContentFilter.doFilterInternal(FormContentFilter.java:93)
	at org.springframework.web.filter.OncePerRequestFilter.doFilter(OncePerRequestFilter.java:119)
	at io.undertow.servlet.core.ManagedFilter.doFilter(ManagedFilter.java:61)
	at io.undertow.servlet.handlers.FilterHandler$FilterChainImpl.doFilter(FilterHandler.java:131)
	at org.springframework.boot.actuate.metrics.web.servlet.WebMvcMetricsFilter.doFilterInternal(WebMvcMetricsFilter.java:96)
	at org.springframework.web.filter.OncePerRequestFilter.doFilter(OncePerRequestFilter.java:119)
	at io.undertow.servlet.core.ManagedFilter.doFilter(ManagedFilter.java:61)
	at io.undertow.servlet.handlers.FilterHandler$FilterChainImpl.doFilter(FilterHandler.java:131)
	at org.springframework.web.filter.CharacterEncodingFilter.doFilterInternal(CharacterEncodingFilter.java:201)
	at org.springframework.web.filter.OncePerRequestFilter.doFilter(OncePerRequestFilter.java:119)
	at io.undertow.servlet.core.ManagedFilter.doFilter(ManagedFilter.java:61)
	at io.undertow.servlet.handlers.FilterHandler$FilterChainImpl.doFilter(FilterHandler.java:131)
	at io.undertow.servlet.handlers.FilterHandler.handleRequest(FilterHandler.java:84)
	at io.undertow.servlet.handlers.security.ServletSecurityRoleHandler.handleRequest(ServletSecurityRoleHandler.java:62)
	at io.undertow.servlet.handlers.ServletChain$1.handleRequest(ServletChain.java:68)
	at io.undertow.servlet.handlers.ServletDispatchingHandler.handleRequest(ServletDispatchingHandler.java:36)
	at io.undertow.servlet.handlers.RedirectDirHandler.handleRequest(RedirectDirHandler.java:68)
	at io.undertow.servlet.handlers.security.SSLInformationAssociationHandler.handleRequest(SSLInformationAssociationHandler.java:117)
	at io.undertow.servlet.handlers.security.ServletAuthenticationCallHandler.handleRequest(ServletAuthenticationCallHandler.java:57)
	at io.undertow.server.handlers.PredicateHandler.handleRequest(PredicateHandler.java:43)
	at io.undertow.security.handlers.AbstractConfidentialityHandler.handleRequest(AbstractConfidentialityHandler.java:46)
	at io.undertow.servlet.handlers.security.ServletConfidentialityConstraintHandler.handleRequest(ServletConfidentialityConstraintHandler.java:64)
	at io.undertow.security.handlers.AuthenticationMechanismsHandler.handleRequest(AuthenticationMechanismsHandler.java:60)
	at io.undertow.servlet.handlers.security.CachedAuthenticatedSessionHandler.handleRequest(CachedAuthenticatedSessionHandler.java:77)
	at io.undertow.security.handlers.AbstractSecurityContextAssociationHandler.handleRequest(AbstractSecurityContextAssociationHandler.java:43)
	at io.undertow.server.handlers.PredicateHandler.handleRequest(PredicateHandler.java:43)
	at io.undertow.servlet.handlers.SendErrorPageHandler.handleRequest(SendErrorPageHandler.java:52)
	at io.undertow.server.handlers.PredicateHandler.handleRequest(PredicateHandler.java:43)
	at io.undertow.servlet.handlers.ServletInitialHandler.handleFirstRequest(ServletInitialHandler.java:280)
	at io.undertow.servlet.handlers.ServletInitialHandler.access$100(ServletInitialHandler.java:79)
	at io.undertow.servlet.handlers.ServletInitialHandler$2.call(ServletInitialHandler.java:134)
	at io.undertow.servlet.handlers.ServletInitialHandler$2.call(ServletInitialHandler.java:131)
	at io.undertow.servlet.core.ServletRequestContextThreadSetupAction$1.call(ServletRequestContextThreadSetupAction.java:48)
	at io.undertow.servlet.core.ContextClassLoaderSetupAction$1.call(ContextClassLoaderSetupAction.java:43)
	at io.undertow.servlet.handlers.ServletInitialHandler.dispatchRequest(ServletInitialHandler.java:260)
	at io.undertow.servlet.handlers.ServletInitialHandler.access$000(ServletInitialHandler.java:79)
	at io.undertow.servlet.handlers.ServletInitialHandler$1.handleRequest(ServletInitialHandler.java:100)
	at io.undertow.server.Connectors.executeRootHandler(Connectors.java:387)
	at io.undertow.server.HttpServerExchange$1.run(HttpServerExchange.java:852)
	at org.jboss.threads.ContextClassLoaderSavingRunnable.run(ContextClassLoaderSavingRunnable.java:35)
	at org.jboss.threads.EnhancedQueueExecutor.safeRun(EnhancedQueueExecutor.java:2019)
	at org.jboss.threads.EnhancedQueueExecutor$ThreadBody.doRunTask(EnhancedQueueExecutor.java:1558)
	at org.jboss.threads.EnhancedQueueExecutor$ThreadBody.run(EnhancedQueueExecutor.java:1449)
	at org.xnio.XnioWorker$WorkerThreadFactory$1$1.run(XnioWorker.java:1280)
	at java.lang.Thread.run(Thread.java:748)
2021-08-31 14:17:38,184 [XNIO-1 task-2] INFO  [c.d.d.a.h.PigAuthenticationFailureEvenHandler] PigAuthenticationFailureEvenHandler.java:47 - 用户：pig 登录失败，异常：用户名或密码错误
2021-08-31 14:17:38,185 [XNIO-1 task-2] ERROR [io.undertow.request] LoggingExceptionHandler.java:80 - UT005023: Exception handling request to /token/form
java.lang.NullPointerException: null
	at java.util.Objects.requireNonNull(Objects.java:203)
	at com.dog4cloud.dog.common.log.util.SysLogUtils.getSysLog(SysLogUtils.java:51)
	at com.dog4cloud.dog.auth.handler.PigAuthenticationFailureEvenHandler.handle(PigAuthenticationFailureEvenHandler.java:48)
	at com.dog4cloud.dog.common.security.handler.AbstractAuthenticationFailureEvenHandler.onApplicationEvent(AbstractAuthenticationFailureEvenHandler.java:40)
	at com.dog4cloud.dog.common.security.handler.AbstractAuthenticationFailureEvenHandler.onApplicationEvent(AbstractAuthenticationFailureEvenHandler.java:28)
	at org.springframework.context.event.SimpleApplicationEventMulticaster.doInvokeListener(SimpleApplicationEventMulticaster.java:176)
	at org.springframework.context.event.SimpleApplicationEventMulticaster.invokeListener(SimpleApplicationEventMulticaster.java:169)
	at org.springframework.context.event.SimpleApplicationEventMulticaster.multicastEvent(SimpleApplicationEventMulticaster.java:143)
	at org.springframework.context.support.AbstractApplicationContext.publishEvent(AbstractApplicationContext.java:421)
	at org.springframework.context.support.AbstractApplicationContext.publishEvent(AbstractApplicationContext.java:378)
	at org.springframework.security.authentication.DefaultAuthenticationEventPublisher.publishAuthenticationFailure(DefaultAuthenticationEventPublisher.java:116)
	at org.springframework.security.authentication.ProviderManager.prepareException(ProviderManager.java:249)
	at org.springframework.security.authentication.ProviderManager.authenticate(ProviderManager.java:242)
	at org.springframework.security.authentication.ProviderManager.authenticate(ProviderManager.java:201)
	at org.springframework.security.web.authentication.UsernamePasswordAuthenticationFilter.attemptAuthentication(UsernamePasswordAuthenticationFilter.java:85)
	at org.springframework.security.web.authentication.AbstractAuthenticationProcessingFilter.doFilter(AbstractAuthenticationProcessingFilter.java:222)
	at org.springframework.security.web.authentication.AbstractAuthenticationProcessingFilter.doFilter(AbstractAuthenticationProcessingFilter.java:212)
	at org.springframework.security.web.FilterChainProxy$VirtualFilterChain.doFilter(FilterChainProxy.java:336)
	at org.springframework.security.web.authentication.logout.LogoutFilter.doFilter(LogoutFilter.java:103)
	at org.springframework.security.web.authentication.logout.LogoutFilter.doFilter(LogoutFilter.java:89)
	at org.springframework.security.web.FilterChainProxy$VirtualFilterChain.doFilter(FilterChainProxy.java:336)
	at org.springframework.security.web.header.HeaderWriterFilter.doHeadersAfter(HeaderWriterFilter.java:90)
	at org.springframework.security.web.header.HeaderWriterFilter.doFilterInternal(HeaderWriterFilter.java:75)
	at org.springframework.web.filter.OncePerRequestFilter.doFilter(OncePerRequestFilter.java:119)
	at org.springframework.security.web.FilterChainProxy$VirtualFilterChain.doFilter(FilterChainProxy.java:336)
	at org.springframework.security.web.context.SecurityContextPersistenceFilter.doFilter(SecurityContextPersistenceFilter.java:110)
	at org.springframework.security.web.context.SecurityContextPersistenceFilter.doFilter(SecurityContextPersistenceFilter.java:80)
	at org.springframework.security.web.FilterChainProxy$VirtualFilterChain.doFilter(FilterChainProxy.java:336)
	at org.springframework.security.web.context.request.async.WebAsyncManagerIntegrationFilter.doFilterInternal(WebAsyncManagerIntegrationFilter.java:55)
	at org.springframework.web.filter.OncePerRequestFilter.doFilter(OncePerRequestFilter.java:119)
	at org.springframework.security.web.FilterChainProxy$VirtualFilterChain.doFilter(FilterChainProxy.java:336)
	at org.springframework.security.web.FilterChainProxy.doFilterInternal(FilterChainProxy.java:211)
	at org.springframework.security.web.FilterChainProxy.doFilter(FilterChainProxy.java:183)
	at org.springframework.web.filter.DelegatingFilterProxy.invokeDelegate(DelegatingFilterProxy.java:358)
	at org.springframework.web.filter.DelegatingFilterProxy.doFilter(DelegatingFilterProxy.java:271)
	at io.undertow.servlet.core.ManagedFilter.doFilter(ManagedFilter.java:61)
	at io.undertow.servlet.handlers.FilterHandler$FilterChainImpl.doFilter(FilterHandler.java:131)
	at org.springframework.web.filter.RequestContextFilter.doFilterInternal(RequestContextFilter.java:100)
	at org.springframework.web.filter.OncePerRequestFilter.doFilter(OncePerRequestFilter.java:119)
	at io.undertow.servlet.core.ManagedFilter.doFilter(ManagedFilter.java:61)
	at io.undertow.servlet.handlers.FilterHandler$FilterChainImpl.doFilter(FilterHandler.java:131)
	at org.springframework.web.filter.FormContentFilter.doFilterInternal(FormContentFilter.java:93)
	at org.springframework.web.filter.OncePerRequestFilter.doFilter(OncePerRequestFilter.java:119)
	at io.undertow.servlet.core.ManagedFilter.doFilter(ManagedFilter.java:61)
	at io.undertow.servlet.handlers.FilterHandler$FilterChainImpl.doFilter(FilterHandler.java:131)
	at org.springframework.boot.actuate.metrics.web.servlet.WebMvcMetricsFilter.doFilterInternal(WebMvcMetricsFilter.java:96)
	at org.springframework.web.filter.OncePerRequestFilter.doFilter(OncePerRequestFilter.java:119)
	at io.undertow.servlet.core.ManagedFilter.doFilter(ManagedFilter.java:61)
	at io.undertow.servlet.handlers.FilterHandler$FilterChainImpl.doFilter(FilterHandler.java:131)
	at org.springframework.web.filter.CharacterEncodingFilter.doFilterInternal(CharacterEncodingFilter.java:201)
	at org.springframework.web.filter.OncePerRequestFilter.doFilter(OncePerRequestFilter.java:119)
	at io.undertow.servlet.core.ManagedFilter.doFilter(ManagedFilter.java:61)
	at io.undertow.servlet.handlers.FilterHandler$FilterChainImpl.doFilter(FilterHandler.java:131)
	at io.undertow.servlet.handlers.FilterHandler.handleRequest(FilterHandler.java:84)
	at io.undertow.servlet.handlers.security.ServletSecurityRoleHandler.handleRequest(ServletSecurityRoleHandler.java:62)
	at io.undertow.servlet.handlers.ServletChain$1.handleRequest(ServletChain.java:68)
	at io.undertow.servlet.handlers.ServletDispatchingHandler.handleRequest(ServletDispatchingHandler.java:36)
	at io.undertow.servlet.handlers.RedirectDirHandler.handleRequest(RedirectDirHandler.java:68)
	at io.undertow.servlet.handlers.security.SSLInformationAssociationHandler.handleRequest(SSLInformationAssociationHandler.java:117)
	at io.undertow.servlet.handlers.security.ServletAuthenticationCallHandler.handleRequest(ServletAuthenticationCallHandler.java:57)
	at io.undertow.server.handlers.PredicateHandler.handleRequest(PredicateHandler.java:43)
	at io.undertow.security.handlers.AbstractConfidentialityHandler.handleRequest(AbstractConfidentialityHandler.java:46)
	at io.undertow.servlet.handlers.security.ServletConfidentialityConstraintHandler.handleRequest(ServletConfidentialityConstraintHandler.java:64)
	at io.undertow.security.handlers.AuthenticationMechanismsHandler.handleRequest(AuthenticationMechanismsHandler.java:60)
	at io.undertow.servlet.handlers.security.CachedAuthenticatedSessionHandler.handleRequest(CachedAuthenticatedSessionHandler.java:77)
	at io.undertow.security.handlers.AbstractSecurityContextAssociationHandler.handleRequest(AbstractSecurityContextAssociationHandler.java:43)
	at io.undertow.server.handlers.PredicateHandler.handleRequest(PredicateHandler.java:43)
	at io.undertow.servlet.handlers.SendErrorPageHandler.handleRequest(SendErrorPageHandler.java:52)
	at io.undertow.server.handlers.PredicateHandler.handleRequest(PredicateHandler.java:43)
	at io.undertow.servlet.handlers.ServletInitialHandler.handleFirstRequest(ServletInitialHandler.java:280)
	at io.undertow.servlet.handlers.ServletInitialHandler.access$100(ServletInitialHandler.java:79)
	at io.undertow.servlet.handlers.ServletInitialHandler$2.call(ServletInitialHandler.java:134)
	at io.undertow.servlet.handlers.ServletInitialHandler$2.call(ServletInitialHandler.java:131)
	at io.undertow.servlet.core.ServletRequestContextThreadSetupAction$1.call(ServletRequestContextThreadSetupAction.java:48)
	at io.undertow.servlet.core.ContextClassLoaderSetupAction$1.call(ContextClassLoaderSetupAction.java:43)
	at io.undertow.servlet.handlers.ServletInitialHandler.dispatchRequest(ServletInitialHandler.java:260)
	at io.undertow.servlet.handlers.ServletInitialHandler.access$000(ServletInitialHandler.java:79)
	at io.undertow.servlet.handlers.ServletInitialHandler$1.handleRequest(ServletInitialHandler.java:100)
	at io.undertow.server.Connectors.executeRootHandler(Connectors.java:387)
	at io.undertow.server.HttpServerExchange$1.run(HttpServerExchange.java:852)
	at org.jboss.threads.ContextClassLoaderSavingRunnable.run(ContextClassLoaderSavingRunnable.java:35)
	at org.jboss.threads.EnhancedQueueExecutor.safeRun(EnhancedQueueExecutor.java:2019)
	at org.jboss.threads.EnhancedQueueExecutor$ThreadBody.doRunTask(EnhancedQueueExecutor.java:1558)
	at org.jboss.threads.EnhancedQueueExecutor$ThreadBody.run(EnhancedQueueExecutor.java:1449)
	at org.xnio.XnioWorker$WorkerThreadFactory$1$1.run(XnioWorker.java:1280)
	at java.lang.Thread.run(Thread.java:748)
2021-08-31 15:03:40,771 [com.alibaba.nacos.client.naming.updater] INFO  [com.alibaba.nacos.client.naming] HostReactor.java:234 - removed ips(1) service: DEFAULT_GROUP@@dog-upms-biz -> [{"instanceId":"10.6.3.10#4000#DEFAULT#DEFAULT_GROUP@@dog-upms-biz","ip":"10.6.3.10","port":4000,"weight":1.0,"healthy":true,"enabled":true,"ephemeral":true,"clusterName":"DEFAULT","serviceName":"DEFAULT_GROUP@@dog-upms-biz","metadata":{"preserved.register.source":"SPRING_CLOUD"},"ipDeleteTimeout":30000,"instanceHeartBeatInterval":5000,"instanceHeartBeatTimeOut":15000}]
2021-08-31 15:03:40,774 [com.alibaba.nacos.client.naming.updater] INFO  [com.alibaba.nacos.client.naming] HostReactor.java:267 - current ips:(0) service: DEFAULT_GROUP@@dog-upms-biz -> []
2021-08-31 15:04:10,327 [Thread-25] WARN  [com.alibaba.nacos.common.notify.NotifyCenter] NotifyCenter.java:145 - [NotifyCenter] Start destroying Publisher
2021-08-31 15:04:10,327 [Thread-4] WARN  [com.alibaba.nacos.common.http.HttpClientBeanHolder] HttpClientBeanHolder.java:108 - [HttpClientBeanHolder] Start destroying common HttpClient
2021-08-31 15:04:10,328 [Thread-25] WARN  [com.alibaba.nacos.common.notify.NotifyCenter] NotifyCenter.java:162 - [NotifyCenter] Destruction of the end
2021-08-31 15:04:10,329 [Thread-4] WARN  [com.alibaba.nacos.common.http.HttpClientBeanHolder] HttpClientBeanHolder.java:114 - [HttpClientBeanHolder] Destruction of the end
2021-08-31 15:04:10,333 [SpringApplicationShutdownHook] INFO  [io.undertow] Undertow.java:259 - stopping server: Undertow - 2.2.9.Final
2021-08-31 15:04:10,339 [SpringApplicationShutdownHook] INFO  [io.undertow.servlet] ServletContextImpl.java:382 - Destroying Spring FrameworkServlet 'dispatcherServlet'
2021-08-31 15:04:10,343 [SpringApplicationShutdownHook] INFO  [c.a.cloud.nacos.registry.NacosServiceRegistry] NacosServiceRegistry.java:90 - De-registering from Nacos Server now...
2021-08-31 15:04:10,343 [SpringApplicationShutdownHook] INFO  [com.alibaba.nacos.client.naming] BeatReactor.java:101 - [BEAT] removing beat: DEFAULT_GROUP@@dog-auth:10.6.3.10:3000 from beat map.
2021-08-31 15:04:10,343 [SpringApplicationShutdownHook] INFO  [com.alibaba.nacos.client.naming] NamingProxy.java:260 - [DEREGISTER-SERVICE] public deregistering service DEFAULT_GROUP@@dog-auth with instance: Instance{instanceId='null', ip='10.6.3.10', port=3000, weight=1.0, healthy=true, enabled=true, ephemeral=true, clusterName='DEFAULT', serviceName='null', metadata={}}
2021-08-31 15:04:10,346 [SpringApplicationShutdownHook] INFO  [c.a.cloud.nacos.registry.NacosServiceRegistry] NacosServiceRegistry.java:110 - De-registration finished.
2021-08-31 15:04:10,347 [SpringApplicationShutdownHook] INFO  [com.alibaba.nacos.client.naming] BeatReactor.java:147 - com.alibaba.nacos.client.naming.beat.BeatReactor do shutdown begin
2021-08-31 15:04:10,803 [com.alibaba.nacos.client.naming.updater] INFO  [com.alibaba.nacos.client.naming] HostReactor.java:228 - new ips(1) service: DEFAULT_GROUP@@dog-upms-biz -> [{"instanceId":"10.6.3.10#4000#DEFAULT#DEFAULT_GROUP@@dog-upms-biz","ip":"10.6.3.10","port":4000,"weight":1.0,"healthy":true,"enabled":true,"ephemeral":true,"clusterName":"DEFAULT","serviceName":"DEFAULT_GROUP@@dog-upms-biz","metadata":{"preserved.register.source":"SPRING_CLOUD"},"ipDeleteTimeout":30000,"instanceHeartBeatInterval":5000,"instanceHeartBeatTimeOut":15000}]
2021-08-31 15:04:10,804 [com.alibaba.nacos.client.naming.updater] INFO  [com.alibaba.nacos.client.naming] HostReactor.java:267 - current ips:(1) service: DEFAULT_GROUP@@dog-upms-biz -> [{"instanceId":"10.6.3.10#4000#DEFAULT#DEFAULT_GROUP@@dog-upms-biz","ip":"10.6.3.10","port":4000,"weight":1.0,"healthy":true,"enabled":true,"ephemeral":true,"clusterName":"DEFAULT","serviceName":"DEFAULT_GROUP@@dog-upms-biz","metadata":{"preserved.register.source":"SPRING_CLOUD"},"ipDeleteTimeout":30000,"instanceHeartBeatInterval":5000,"instanceHeartBeatTimeOut":15000}]
2021-08-31 15:04:10,943 [SpringApplicationShutdownHook] INFO  [com.alibaba.nacos.client.naming] BeatReactor.java:149 - com.alibaba.nacos.client.naming.beat.BeatReactor do shutdown stop
2021-08-31 15:04:10,943 [SpringApplicationShutdownHook] INFO  [com.alibaba.nacos.client.naming] HostReactor.java:409 - com.alibaba.nacos.client.naming.core.HostReactor do shutdown begin
2021-08-31 15:04:12,931 [com.alibaba.nacos.client.naming.updater] INFO  [com.alibaba.nacos.client.naming] HostReactor.java:234 - removed ips(1) service: DEFAULT_GROUP@@dog-auth@@DEFAULT -> [{"instanceId":"10.6.3.10#3000#DEFAULT#DEFAULT_GROUP@@dog-auth","ip":"10.6.3.10","port":3000,"weight":1.0,"healthy":true,"enabled":true,"ephemeral":true,"clusterName":"DEFAULT","serviceName":"DEFAULT_GROUP@@dog-auth","metadata":{"preserved.register.source":"SPRING_CLOUD"},"ipDeleteTimeout":30000,"instanceHeartBeatInterval":5000,"instanceHeartBeatTimeOut":15000}]
2021-08-31 15:04:12,933 [com.alibaba.nacos.client.naming.updater] INFO  [com.alibaba.nacos.client.naming] HostReactor.java:267 - current ips:(0) service: DEFAULT_GROUP@@dog-auth@@DEFAULT -> []
2021-08-31 15:04:13,950 [SpringApplicationShutdownHook] INFO  [com.alibaba.nacos.client.naming] PushReceiver.java:121 - com.alibaba.nacos.client.naming.core.PushReceiver do shutdown begin
2021-08-31 15:04:16,961 [SpringApplicationShutdownHook] INFO  [com.alibaba.nacos.client.naming] PushReceiver.java:125 - com.alibaba.nacos.client.naming.core.PushReceiver do shutdown stop
2021-08-31 15:04:16,961 [SpringApplicationShutdownHook] INFO  [com.alibaba.nacos.client.naming] FailoverReactor.java:132 - com.alibaba.nacos.client.naming.backups.FailoverReactor do shutdown begin
2021-08-31 15:04:16,961 [SpringApplicationShutdownHook] INFO  [com.alibaba.nacos.client.naming] FailoverReactor.java:134 - com.alibaba.nacos.client.naming.backups.FailoverReactor do shutdown stop
2021-08-31 15:04:16,962 [SpringApplicationShutdownHook] INFO  [com.alibaba.nacos.client.naming] HostReactor.java:414 - com.alibaba.nacos.client.naming.core.HostReactor do shutdown stop
2021-08-31 15:04:16,962 [SpringApplicationShutdownHook] INFO  [com.alibaba.nacos.client.naming] NamingProxy.java:719 - com.alibaba.nacos.client.naming.net.NamingProxy do shutdown begin
2021-08-31 15:04:16,962 [SpringApplicationShutdownHook] WARN  [com.alibaba.nacos.client.naming] NamingHttpClientManager.java:72 - [NamingHttpClientManager] Start destroying NacosRestTemplate
2021-08-31 15:04:16,963 [SpringApplicationShutdownHook] WARN  [com.alibaba.nacos.client.naming] NamingHttpClientManager.java:79 - [NamingHttpClientManager] Destruction of the end
2021-08-31 15:04:16,963 [SpringApplicationShutdownHook] INFO  [c.alibaba.nacos.client.identify.CredentialWatcher] CredentialWatcher.java:105 - [null] CredentialWatcher is stopped
2021-08-31 15:04:16,963 [SpringApplicationShutdownHook] INFO  [c.alibaba.nacos.client.identify.CredentialService] CredentialService.java:98 - [null] CredentialService is freed
2021-08-31 15:04:16,963 [SpringApplicationShutdownHook] INFO  [com.alibaba.nacos.client.naming] NamingProxy.java:723 - com.alibaba.nacos.client.naming.net.NamingProxy do shutdown stop
2021-08-31 15:04:16,964 [SpringApplicationShutdownHook] WARN  [o.s.beans.factory.support.DisposableBeanAdapter] DisposableBeanAdapter.java:291 - Destroy method 'close' on bean with name 'nacosServiceRegistry' threw an exception: java.lang.NullPointerException
2021-08-31 15:04:17,095 [SpringApplicationShutdownHook] INFO  [com.zaxxer.hikari.HikariDataSource] HikariDataSource.java:350 - HikariPool-1 - Shutdown initiated...
2021-08-31 15:04:17,100 [SpringApplicationShutdownHook] INFO  [com.zaxxer.hikari.HikariDataSource] HikariDataSource.java:352 - HikariPool-1 - Shutdown completed.
2021-08-31 15:04:20,434 [background-preinit] INFO  [org.hibernate.validator.internal.util.Version] Version.java:21 - HV000001: Hibernate Validator 6.2.0.Final
2021-08-31 15:04:20,850 [main] INFO  [c.u.j.c.EnableEncryptablePropertiesBeanFactoryPostProcessor] EnableEncryptablePropertiesBeanFactoryPostProcessor.java:50 - Post-processing PropertySource instances
2021-08-31 15:04:20,916 [main] INFO  [c.u.j.EncryptablePropertySourceConverter] EncryptablePropertySourceConverter.java:38 - Converting PropertySource configurationProperties [org.springframework.boot.context.properties.source.ConfigurationPropertySourcesPropertySource] to AOP Proxy
2021-08-31 15:04:20,917 [main] INFO  [c.u.j.EncryptablePropertySourceConverter] EncryptablePropertySourceConverter.java:38 - Converting PropertySource bootstrap [org.springframework.core.env.MapPropertySource] to EncryptableMapPropertySourceWrapper
2021-08-31 15:04:20,918 [main] INFO  [c.u.j.EncryptablePropertySourceConverter] EncryptablePropertySourceConverter.java:38 - Converting PropertySource systemProperties [org.springframework.core.env.PropertiesPropertySource] to EncryptableMapPropertySourceWrapper
2021-08-31 15:04:20,918 [main] INFO  [c.u.j.EncryptablePropertySourceConverter] EncryptablePropertySourceConverter.java:38 - Converting PropertySource systemEnvironment [org.springframework.boot.env.SystemEnvironmentPropertySourceEnvironmentPostProcessor$OriginAwareSystemEnvironmentPropertySource] to EncryptableMapPropertySourceWrapper
2021-08-31 15:04:20,919 [main] INFO  [c.u.j.EncryptablePropertySourceConverter] EncryptablePropertySourceConverter.java:38 - Converting PropertySource random [org.springframework.boot.env.RandomValuePropertySource] to EncryptablePropertySourceWrapper
2021-08-31 15:04:20,919 [main] INFO  [c.u.j.EncryptablePropertySourceConverter] EncryptablePropertySourceConverter.java:38 - Converting PropertySource cachedrandom [org.springframework.cloud.util.random.CachedRandomPropertySource] to EncryptablePropertySourceWrapper
2021-08-31 15:04:20,919 [main] INFO  [c.u.j.EncryptablePropertySourceConverter] EncryptablePropertySourceConverter.java:38 - Converting PropertySource springCloudClientHostInfo [org.springframework.core.env.MapPropertySource] to EncryptableMapPropertySourceWrapper
2021-08-31 15:04:20,919 [main] INFO  [c.u.j.EncryptablePropertySourceConverter] EncryptablePropertySourceConverter.java:38 - Converting PropertySource Config resource 'class path resource [bootstrap.yml]' via location 'optional:classpath:/' [org.springframework.boot.env.OriginTrackedMapPropertySource] to EncryptableMapPropertySourceWrapper
2021-08-31 15:04:20,969 [main] INFO  [c.u.j.filter.DefaultLazyPropertyFilter] DefaultLazyPropertyFilter.java:31 - Property Filter custom Bean not found with name 'encryptablePropertyFilter'. Initializing Default Property Filter
2021-08-31 15:04:20,975 [main] INFO  [c.u.j.resolver.DefaultLazyPropertyResolver] DefaultLazyPropertyResolver.java:31 - Property Resolver custom Bean not found with name 'encryptablePropertyResolver'. Initializing Default Property Resolver
2021-08-31 15:04:20,977 [main] INFO  [c.u.j.detector.DefaultLazyPropertyDetector] DefaultLazyPropertyDetector.java:30 - Property Detector custom Bean not found with name 'encryptablePropertyDetector'. Initializing Default Property Detector
2021-08-31 15:04:21,268 [main] INFO  [c.u.j.c.EnableEncryptablePropertiesConfiguration] EnableEncryptablePropertiesConfiguration.java:69 - Bootstraping jasypt-string-boot auto configuration in context: dog-auth-1
2021-08-31 15:04:21,269 [main] INFO  [com.dog4cloud.dog.auth.PigAuthApplication] SpringApplication.java:663 - The following profiles are active: dev
2021-08-31 15:04:22,397 [main] INFO  [o.s.d.r.config.RepositoryConfigurationDelegate] RepositoryConfigurationDelegate.java:262 - Multiple Spring Data modules found, entering strict repository configuration mode!
2021-08-31 15:04:22,400 [main] INFO  [o.s.d.r.config.RepositoryConfigurationDelegate] RepositoryConfigurationDelegate.java:132 - Bootstrapping Spring Data Redis repositories in DEFAULT mode.
2021-08-31 15:04:22,419 [main] INFO  [o.s.d.r.config.RepositoryConfigurationDelegate] RepositoryConfigurationDelegate.java:201 - Finished Spring Data repository scanning in 6 ms. Found 0 Redis repository interfaces.
2021-08-31 15:04:22,737 [main] WARN  [org.mybatis.spring.mapper.ClassPathMapperScanner] Logger.java:44 - No MyBatis mapper was found in '[com.dog4cloud.dog.auth]' package. Please check your configuration.
2021-08-31 15:04:22,763 [main] INFO  [o.springframework.cloud.context.scope.GenericScope] GenericScope.java:283 - BeanFactory id=58d69f06-9bbc-3a50-b820-7f7e5fb2ac17
2021-08-31 15:04:22,830 [main] INFO  [c.u.j.c.EnableEncryptablePropertiesBeanFactoryPostProcessor] EnableEncryptablePropertiesBeanFactoryPostProcessor.java:50 - Post-processing PropertySource instances
2021-08-31 15:04:22,843 [main] INFO  [c.u.j.EncryptablePropertySourceConverter] EncryptablePropertySourceConverter.java:38 - Converting PropertySource bootstrapProperties-dog-auth-dev.yml,DEFAULT_GROUP [org.springframework.cloud.bootstrap.config.BootstrapPropertySource] to EncryptableEnumerablePropertySourceWrapper
2021-08-31 15:04:22,843 [main] INFO  [c.u.j.EncryptablePropertySourceConverter] EncryptablePropertySourceConverter.java:38 - Converting PropertySource bootstrapProperties-dog-auth.yml,DEFAULT_GROUP [org.springframework.cloud.bootstrap.config.BootstrapPropertySource] to EncryptableEnumerablePropertySourceWrapper
2021-08-31 15:04:22,844 [main] INFO  [c.u.j.EncryptablePropertySourceConverter] EncryptablePropertySourceConverter.java:38 - Converting PropertySource bootstrapProperties-dog-auth,DEFAULT_GROUP [org.springframework.cloud.bootstrap.config.BootstrapPropertySource] to EncryptableEnumerablePropertySourceWrapper
2021-08-31 15:04:22,844 [main] INFO  [c.u.j.EncryptablePropertySourceConverter] EncryptablePropertySourceConverter.java:38 - Converting PropertySource bootstrapProperties-application-dev.yml,DEFAULT_GROUP [org.springframework.cloud.bootstrap.config.BootstrapPropertySource] to EncryptableEnumerablePropertySourceWrapper
2021-08-31 15:04:22,844 [main] INFO  [c.u.j.EncryptablePropertySourceConverter] EncryptablePropertySourceConverter.java:38 - Converting PropertySource configurationProperties [org.springframework.boot.context.properties.source.ConfigurationPropertySourcesPropertySource] to AOP Proxy
2021-08-31 15:04:22,845 [main] INFO  [c.u.j.EncryptablePropertySourceConverter] EncryptablePropertySourceConverter.java:38 - Converting PropertySource servletConfigInitParams [org.springframework.core.env.PropertySource$StubPropertySource] to EncryptablePropertySourceWrapper
2021-08-31 15:04:22,845 [main] INFO  [c.u.j.EncryptablePropertySourceConverter] EncryptablePropertySourceConverter.java:38 - Converting PropertySource servletContextInitParams [org.springframework.core.env.PropertySource$StubPropertySource] to EncryptablePropertySourceWrapper
2021-08-31 15:04:22,845 [main] INFO  [c.u.j.EncryptablePropertySourceConverter] EncryptablePropertySourceConverter.java:38 - Converting PropertySource systemProperties [org.springframework.core.env.PropertiesPropertySource] to EncryptableMapPropertySourceWrapper
2021-08-31 15:04:22,845 [main] INFO  [c.u.j.EncryptablePropertySourceConverter] EncryptablePropertySourceConverter.java:38 - Converting PropertySource systemEnvironment [org.springframework.boot.env.SystemEnvironmentPropertySourceEnvironmentPostProcessor$OriginAwareSystemEnvironmentPropertySource] to EncryptableMapPropertySourceWrapper
2021-08-31 15:04:22,845 [main] INFO  [c.u.j.EncryptablePropertySourceConverter] EncryptablePropertySourceConverter.java:38 - Converting PropertySource random [org.springframework.boot.env.RandomValuePropertySource] to EncryptablePropertySourceWrapper
2021-08-31 15:04:22,845 [main] INFO  [c.u.j.EncryptablePropertySourceConverter] EncryptablePropertySourceConverter.java:38 - Converting PropertySource cachedrandom [org.springframework.cloud.util.random.CachedRandomPropertySource] to EncryptablePropertySourceWrapper
2021-08-31 15:04:22,846 [main] INFO  [c.u.j.EncryptablePropertySourceConverter] EncryptablePropertySourceConverter.java:38 - Converting PropertySource springCloudClientHostInfo [org.springframework.core.env.MapPropertySource] to EncryptableMapPropertySourceWrapper
2021-08-31 15:04:22,846 [main] INFO  [c.u.j.EncryptablePropertySourceConverter] EncryptablePropertySourceConverter.java:38 - Converting PropertySource springCloudDefaultProperties [org.springframework.core.env.MapPropertySource] to EncryptableMapPropertySourceWrapper
2021-08-31 15:04:22,863 [main] INFO  [c.u.j.filter.DefaultLazyPropertyFilter] DefaultLazyPropertyFilter.java:31 - Property Filter custom Bean not found with name 'encryptablePropertyFilter'. Initializing Default Property Filter
2021-08-31 15:04:23,139 [main] INFO  [c.u.j.resolver.DefaultLazyPropertyResolver] DefaultLazyPropertyResolver.java:31 - Property Resolver custom Bean not found with name 'encryptablePropertyResolver'. Initializing Default Property Resolver
2021-08-31 15:04:23,140 [main] INFO  [c.u.j.detector.DefaultLazyPropertyDetector] DefaultLazyPropertyDetector.java:30 - Property Detector custom Bean not found with name 'encryptablePropertyDetector'. Initializing Default Property Detector
2021-08-31 15:04:23,164 [main] INFO  [o.s.c.s.PostProcessorRegistrationDelegate$BeanPostProcessorChecker] PostProcessorRegistrationDelegate.java:376 - Bean 'spring.cloud.sentinel-com.alibaba.cloud.sentinel.SentinelProperties' of type [com.alibaba.cloud.sentinel.SentinelProperties] is not eligible for getting processed by all BeanPostProcessors (for example: not eligible for auto-proxying)
2021-08-31 15:04:23,224 [main] INFO  [o.s.c.s.PostProcessorRegistrationDelegate$BeanPostProcessorChecker] PostProcessorRegistrationDelegate.java:376 - Bean 'com.alibaba.cloud.sentinel.custom.SentinelAutoConfiguration' of type [com.alibaba.cloud.sentinel.custom.SentinelAutoConfiguration] is not eligible for getting processed by all BeanPostProcessors (for example: not eligible for auto-proxying)
2021-08-31 15:04:23,513 [main] WARN  [io.undertow.websockets.jsr] Bootstrap.java:68 - UT026010: Buffer pool was not set on WebSocketDeploymentInfo, the default pool will be used
2021-08-31 15:04:23,536 [main] INFO  [io.undertow.servlet] ServletContextImpl.java:382 - Initializing Spring embedded WebApplicationContext
2021-08-31 15:04:23,536 [main] INFO  [o.s.b.w.s.c.ServletWebServerApplicationContext] ServletWebServerApplicationContext.java:290 - Root WebApplicationContext: initialization completed in 2251 ms
2021-08-31 15:04:24,127 [main] WARN  [o.s.cloud.openfeign.FeignClientFactoryBean] FeignClientFactoryBean.java:386 - The provided URL is empty. Will try picking an instance via load-balancing.
2021-08-31 15:04:25,248 [main] INFO  [c.a.cloud.sentinel.SentinelWebAutoConfiguration] SentinelWebAutoConfiguration.java:80 - [Sentinel Starter] register SentinelWebInterceptor with urlPatterns: [/**].
2021-08-31 15:04:25,439 [main] INFO  [com.alibaba.nacos.client.naming] InitUtils.java:65 - initializer namespace from System Property :null
2021-08-31 15:04:25,439 [main] INFO  [com.alibaba.nacos.client.naming] InitUtils.java:74 - initializer namespace from System Environment :null
2021-08-31 15:04:25,440 [main] INFO  [com.alibaba.nacos.client.naming] InitUtils.java:84 - initializer namespace from System Property :null
2021-08-31 15:04:25,745 [main] WARN  [o.s.cloud.openfeign.FeignClientFactoryBean] FeignClientFactoryBean.java:386 - The provided URL is empty. Will try picking an instance via load-balancing.
2021-08-31 15:04:26,653 [main] INFO  [o.s.security.web.DefaultSecurityFilterChain] DefaultSecurityFilterChain.java:51 - Will secure Ant [pattern='/css/**'] with []
2021-08-31 15:04:26,725 [main] INFO  [o.s.security.web.DefaultSecurityFilterChain] DefaultSecurityFilterChain.java:51 - Will secure Or [Ant [pattern='/oauth/token'], Ant [pattern='/oauth/token_key'], Ant [pattern='/oauth/check_token']] with [org.springframework.security.web.context.request.async.WebAsyncManagerIntegrationFilter@2728add3, org.springframework.security.web.context.SecurityContextPersistenceFilter@65259737, org.springframework.security.web.header.HeaderWriterFilter@11ca8f71, org.springframework.security.web.authentication.logout.LogoutFilter@52ccf197, org.springframework.security.oauth2.provider.client.ClientCredentialsTokenEndpointFilter@56554365, org.springframework.security.web.authentication.www.BasicAuthenticationFilter@60484429, org.springframework.security.web.savedrequest.RequestCacheAwareFilter@17fb5184, org.springframework.security.web.servletapi.SecurityContextHolderAwareRequestFilter@66abc325, org.springframework.security.web.authentication.AnonymousAuthenticationFilter@4fce3ed7, org.springframework.security.web.session.SessionManagementFilter@7852ab30, org.springframework.security.web.access.ExceptionTranslationFilter@65a2e14e, org.springframework.security.web.access.intercept.FilterSecurityInterceptor@28888124]
2021-08-31 15:04:26,736 [main] INFO  [o.s.security.web.DefaultSecurityFilterChain] DefaultSecurityFilterChain.java:51 - Will secure any request with [org.springframework.security.web.context.request.async.WebAsyncManagerIntegrationFilter@285b491f, org.springframework.security.web.context.SecurityContextPersistenceFilter@46590dd0, org.springframework.security.web.header.HeaderWriterFilter@70df41f9, org.springframework.security.web.authentication.logout.LogoutFilter@3186f8f5, org.springframework.security.web.authentication.UsernamePasswordAuthenticationFilter@467cd4b9, org.springframework.security.web.savedrequest.RequestCacheAwareFilter@6c737fdb, org.springframework.security.web.servletapi.SecurityContextHolderAwareRequestFilter@66a93b25, org.springframework.security.web.authentication.AnonymousAuthenticationFilter@346330b6, org.springframework.security.web.session.SessionManagementFilter@64a7ad02, org.springframework.security.web.access.ExceptionTranslationFilter@23d12a3a, org.springframework.security.web.access.intercept.FilterSecurityInterceptor@284f25e6]
2021-08-31 15:04:26,850 [main] WARN  [o.s.c.l.c.LoadBalancerCacheAutoConfiguration$LoadBalancerCaffeineWarnLogger] LoadBalancerCacheAutoConfiguration.java:82 - Spring Cloud LoadBalancer is currently working with the default cache. You can switch to using Caffeine cache, by adding it and org.springframework.cache.caffeine.CaffeineCacheManager to the classpath.
2021-08-31 15:04:26,860 [main] INFO  [o.s.b.actuate.endpoint.web.EndpointLinksResolver] EndpointLinksResolver.java:58 - Exposing 20 endpoint(s) beneath base path '/actuator'
2021-08-31 15:04:27,064 [main] INFO  [io.undertow] Undertow.java:120 - starting server: Undertow - 2.2.9.Final
2021-08-31 15:04:27,075 [main] INFO  [org.xnio] Xnio.java:95 - XNIO version 3.8.4.Final
2021-08-31 15:04:27,083 [main] INFO  [org.xnio.nio] NioXnio.java:58 - XNIO NIO Implementation Version 3.8.4.Final
2021-08-31 15:04:27,128 [main] INFO  [org.jboss.threads] Version.java:52 - JBoss Threads version 3.1.0.Final
2021-08-31 15:04:27,187 [main] INFO  [o.s.boot.web.embedded.undertow.UndertowWebServer] UndertowWebServer.java:119 - Undertow started on port(s) 3000 (http)
2021-08-31 15:04:27,192 [main] INFO  [com.alibaba.nacos.client.naming] BeatReactor.java:81 - [BEAT] adding beat: BeatInfo{port=3000, ip='10.6.3.10', weight=1.0, serviceName='DEFAULT_GROUP@@dog-auth', cluster='DEFAULT', metadata={preserved.register.source=SPRING_CLOUD}, scheduled=false, period=5000, stopped=false} to beat map.
2021-08-31 15:04:27,193 [main] INFO  [com.alibaba.nacos.client.naming] NamingProxy.java:230 - [REGISTER-SERVICE] public registering service DEFAULT_GROUP@@dog-auth with instance: Instance{instanceId='null', ip='10.6.3.10', port=3000, weight=1.0, healthy=true, enabled=true, ephemeral=true, clusterName='DEFAULT', serviceName='null', metadata={preserved.register.source=SPRING_CLOUD}}
2021-08-31 15:04:27,198 [main] INFO  [c.a.cloud.nacos.registry.NacosServiceRegistry] NacosServiceRegistry.java:75 - nacos registry, DEFAULT_GROUP dog-auth 10.6.3.10:3000 register finished
2021-08-31 15:04:27,218 [main] INFO  [com.dog4cloud.dog.auth.PigAuthApplication] StartupInfoLogger.java:61 - Started PigAuthApplication in 7.526 seconds (JVM running for 8.21)
2021-08-31 15:04:27,222 [main] INFO  [com.alibaba.nacos.client.config.impl.ClientWorker] ClientWorker.java:239 - [fixed-dog-register_8848] [subscribe] dog-auth+DEFAULT_GROUP
2021-08-31 15:04:27,223 [main] INFO  [com.alibaba.nacos.client.config.impl.CacheData] CacheData.java:93 - [fixed-dog-register_8848] [add-listener] ok, tenant=, dataId=dog-auth, group=DEFAULT_GROUP, cnt=1
2021-08-31 15:04:27,223 [main] INFO  [com.alibaba.nacos.client.config.impl.ClientWorker] ClientWorker.java:239 - [fixed-dog-register_8848] [subscribe] dog-auth.yml+DEFAULT_GROUP
2021-08-31 15:04:27,223 [main] INFO  [com.alibaba.nacos.client.config.impl.CacheData] CacheData.java:93 - [fixed-dog-register_8848] [add-listener] ok, tenant=, dataId=dog-auth.yml, group=DEFAULT_GROUP, cnt=1
2021-08-31 15:04:27,223 [main] INFO  [com.alibaba.nacos.client.config.impl.ClientWorker] ClientWorker.java:239 - [fixed-dog-register_8848] [subscribe] dog-auth-dev.yml+DEFAULT_GROUP
2021-08-31 15:04:27,224 [main] INFO  [com.alibaba.nacos.client.config.impl.CacheData] CacheData.java:93 - [fixed-dog-register_8848] [add-listener] ok, tenant=, dataId=dog-auth-dev.yml, group=DEFAULT_GROUP, cnt=1
2021-08-31 15:04:27,497 [RMI TCP Connection(2)-127.0.0.1] INFO  [io.undertow.servlet] ServletContextImpl.java:382 - Initializing Spring DispatcherServlet 'dispatcherServlet'
2021-08-31 15:04:27,498 [RMI TCP Connection(2)-127.0.0.1] INFO  [org.springframework.web.servlet.DispatcherServlet] FrameworkServlet.java:525 - Initializing Servlet 'dispatcherServlet'
2021-08-31 15:04:27,501 [RMI TCP Connection(2)-127.0.0.1] INFO  [org.springframework.web.servlet.DispatcherServlet] FrameworkServlet.java:547 - Completed initialization in 3 ms
2021-08-31 15:04:27,518 [RMI TCP Connection(1)-127.0.0.1] INFO  [com.zaxxer.hikari.HikariDataSource] HikariDataSource.java:110 - HikariPool-1 - Starting...
2021-08-31 15:04:27,662 [RMI TCP Connection(1)-127.0.0.1] INFO  [com.zaxxer.hikari.HikariDataSource] HikariDataSource.java:123 - HikariPool-1 - Start completed.
2021-08-31 15:04:28,072 [com.alibaba.nacos.client.naming.updater] INFO  [com.alibaba.nacos.client.naming] HostReactor.java:228 - new ips(1) service: DEFAULT_GROUP@@dog-auth@@DEFAULT -> [{"instanceId":"10.6.3.10#3000#DEFAULT#DEFAULT_GROUP@@dog-auth","ip":"10.6.3.10","port":3000,"weight":1.0,"healthy":true,"enabled":true,"ephemeral":true,"clusterName":"DEFAULT","serviceName":"DEFAULT_GROUP@@dog-auth","metadata":{"preserved.register.source":"SPRING_CLOUD"},"ipDeleteTimeout":30000,"instanceHeartBeatInterval":5000,"instanceHeartBeatTimeOut":15000}]
2021-08-31 15:04:28,077 [com.alibaba.nacos.client.naming.updater] INFO  [com.alibaba.nacos.client.naming] HostReactor.java:267 - current ips:(1) service: DEFAULT_GROUP@@dog-auth@@DEFAULT -> [{"instanceId":"10.6.3.10#3000#DEFAULT#DEFAULT_GROUP@@dog-auth","ip":"10.6.3.10","port":3000,"weight":1.0,"healthy":true,"enabled":true,"ephemeral":true,"clusterName":"DEFAULT","serviceName":"DEFAULT_GROUP@@dog-auth","metadata":{"preserved.register.source":"SPRING_CLOUD"},"ipDeleteTimeout":30000,"instanceHeartBeatInterval":5000,"instanceHeartBeatTimeOut":15000}]
2021-08-31 15:27:31,917 [XNIO-1 task-3] INFO  [c.d.d.a.h.PigAuthenticationSuccessEventHandler] PigAuthenticationSuccessEventHandler.java:45 - 用户：com.dog4cloud.dog.common.security.service.PigUser [Username=admin, Password=[PROTECTED], Enabled=true, AccountNonExpired=true, credentialsNonExpired=true, AccountNonLocked=true, Granted Authorities=[ROLE_1, gen_form_add, gen_form_del, gen_form_edit, sys_client_add, sys_client_del, sys_client_edit, sys_dept_add, sys_dept_del, sys_dept_edit, sys_dict_add, sys_dict_del, sys_dict_edit, sys_log_del, sys_menu_add, sys_menu_del, sys_menu_edit, sys_role_add, sys_role_del, sys_role_edit, sys_role_perm, sys_token_del, sys_user_add, sys_user_del, sys_user_edit]] 登录成功
2021-08-31 15:27:32,142 [boundedElastic-1] INFO  [com.alibaba.nacos.client.naming] HostReactor.java:228 - new ips(1) service: DEFAULT_GROUP@@dog-upms-biz -> [{"instanceId":"10.6.3.10#4000#DEFAULT#DEFAULT_GROUP@@dog-upms-biz","ip":"10.6.3.10","port":4000,"weight":1.0,"healthy":true,"enabled":true,"ephemeral":true,"clusterName":"DEFAULT","serviceName":"DEFAULT_GROUP@@dog-upms-biz","metadata":{"preserved.register.source":"SPRING_CLOUD"},"ipDeleteTimeout":30000,"instanceHeartBeatInterval":5000,"instanceHeartBeatTimeOut":15000}]
2021-08-31 15:27:32,143 [boundedElastic-1] INFO  [com.alibaba.nacos.client.naming] HostReactor.java:267 - current ips:(1) service: DEFAULT_GROUP@@dog-upms-biz -> [{"instanceId":"10.6.3.10#4000#DEFAULT#DEFAULT_GROUP@@dog-upms-biz","ip":"10.6.3.10","port":4000,"weight":1.0,"healthy":true,"enabled":true,"ephemeral":true,"clusterName":"DEFAULT","serviceName":"DEFAULT_GROUP@@dog-upms-biz","metadata":{"preserved.register.source":"SPRING_CLOUD"},"ipDeleteTimeout":30000,"instanceHeartBeatInterval":5000,"instanceHeartBeatTimeOut":15000}]
