2021-08-31 13:18:43,362 [main] INFO  [c.a.n.client.config.impl.LocalConfigInfoProcessor] LocalConfigInfoProcessor.java:212 - LOCAL_SNAPSHOT_PATH:/Users/jony/nacos/config
2021-08-31 13:18:43,405 [main] INFO  [com.alibaba.nacos.client.config.impl.Limiter] Limiter.java:54 - limitTime:5.0
2021-08-31 13:18:43,726 [main] INFO  [com.alibaba.nacos.client.config.utils.JvmUtil] JvmUtil.java:49 - isMultiInstance:false
2021-08-31 13:18:43,781 [main] WARN  [c.a.cloud.nacos.client.NacosPropertySourceBuilder] NacosPropertySourceBuilder.java:87 - Ignore the empty nacos configuration and get it based on dataId[dog-upms-biz] & group[DEFAULT_GROUP]
2021-08-31 13:18:43,797 [main] WARN  [c.a.cloud.nacos.client.NacosPropertySourceBuilder] NacosPropertySourceBuilder.java:87 - Ignore the empty nacos configuration and get it based on dataId[dog-upms-biz.yml] & group[DEFAULT_GROUP]
2021-08-31 13:18:43,814 [main] INFO  [o.s.c.b.c.PropertySourceBootstrapConfiguration] PropertySourceBootstrapConfiguration.java:109 - Located property source: [BootstrapPropertySource {name='bootstrapProperties-dog-upms-biz-dev.yml,DEFAULT_GROUP'}, BootstrapPropertySource {name='bootstrapProperties-dog-upms-biz.yml,DEFAULT_GROUP'}, BootstrapPropertySource {name='bootstrapProperties-dog-upms-biz,DEFAULT_GROUP'}, BootstrapPropertySource {name='bootstrapProperties-application-dev.yml,DEFAULT_GROUP'}]
2021-08-31 13:22:38,942 [main] INFO  [c.a.n.client.config.impl.LocalConfigInfoProcessor] LocalConfigInfoProcessor.java:212 - LOCAL_SNAPSHOT_PATH:/Users/jony/nacos/config
2021-08-31 13:22:38,972 [main] INFO  [com.alibaba.nacos.client.config.impl.Limiter] Limiter.java:54 - limitTime:5.0
2021-08-31 13:22:39,000 [main] INFO  [com.alibaba.nacos.client.config.utils.JvmUtil] JvmUtil.java:49 - isMultiInstance:false
2021-08-31 13:22:39,018 [main] WARN  [c.a.cloud.nacos.client.NacosPropertySourceBuilder] NacosPropertySourceBuilder.java:87 - Ignore the empty nacos configuration and get it based on dataId[dog-upms-biz] & group[DEFAULT_GROUP]
2021-08-31 13:22:39,023 [main] WARN  [c.a.cloud.nacos.client.NacosPropertySourceBuilder] NacosPropertySourceBuilder.java:87 - Ignore the empty nacos configuration and get it based on dataId[dog-upms-biz.yml] & group[DEFAULT_GROUP]
2021-08-31 13:22:39,033 [main] INFO  [o.s.c.b.c.PropertySourceBootstrapConfiguration] PropertySourceBootstrapConfiguration.java:109 - Located property source: [BootstrapPropertySource {name='bootstrapProperties-dog-upms-biz-dev.yml,DEFAULT_GROUP'}, BootstrapPropertySource {name='bootstrapProperties-dog-upms-biz.yml,DEFAULT_GROUP'}, BootstrapPropertySource {name='bootstrapProperties-dog-upms-biz,DEFAULT_GROUP'}, BootstrapPropertySource {name='bootstrapProperties-application-dev.yml,DEFAULT_GROUP'}]
2021-08-31 13:25:41,299 [main] INFO  [c.a.n.client.config.impl.LocalConfigInfoProcessor] LocalConfigInfoProcessor.java:212 - LOCAL_SNAPSHOT_PATH:/Users/jony/nacos/config
2021-08-31 13:25:41,326 [main] INFO  [com.alibaba.nacos.client.config.impl.Limiter] Limiter.java:54 - limitTime:5.0
2021-08-31 13:25:41,352 [main] INFO  [com.alibaba.nacos.client.config.utils.JvmUtil] JvmUtil.java:49 - isMultiInstance:false
2021-08-31 13:25:41,370 [main] WARN  [c.a.cloud.nacos.client.NacosPropertySourceBuilder] NacosPropertySourceBuilder.java:87 - Ignore the empty nacos configuration and get it based on dataId[dog-auth] & group[DEFAULT_GROUP]
2021-08-31 13:25:41,376 [main] WARN  [c.a.cloud.nacos.client.NacosPropertySourceBuilder] NacosPropertySourceBuilder.java:87 - Ignore the empty nacos configuration and get it based on dataId[dog-auth.yml] & group[DEFAULT_GROUP]
2021-08-31 13:25:41,384 [main] INFO  [o.s.c.b.c.PropertySourceBootstrapConfiguration] PropertySourceBootstrapConfiguration.java:109 - Located property source: [BootstrapPropertySource {name='bootstrapProperties-dog-auth-dev.yml,DEFAULT_GROUP'}, BootstrapPropertySource {name='bootstrapProperties-dog-auth.yml,DEFAULT_GROUP'}, BootstrapPropertySource {name='bootstrapProperties-dog-auth,DEFAULT_GROUP'}, BootstrapPropertySource {name='bootstrapProperties-application-dev.yml,DEFAULT_GROUP'}]
2021-08-31 13:27:49,939 [main] INFO  [c.a.n.client.config.impl.LocalConfigInfoProcessor] LocalConfigInfoProcessor.java:212 - LOCAL_SNAPSHOT_PATH:/Users/jony/nacos/config
2021-08-31 13:27:49,968 [main] INFO  [com.alibaba.nacos.client.config.impl.Limiter] Limiter.java:54 - limitTime:5.0
2021-08-31 13:27:49,995 [main] INFO  [com.alibaba.nacos.client.config.utils.JvmUtil] JvmUtil.java:49 - isMultiInstance:false
2021-08-31 13:27:50,011 [main] WARN  [c.a.cloud.nacos.client.NacosPropertySourceBuilder] NacosPropertySourceBuilder.java:87 - Ignore the empty nacos configuration and get it based on dataId[dog-gateway] & group[DEFAULT_GROUP]
2021-08-31 13:27:50,014 [main] WARN  [c.a.cloud.nacos.client.NacosPropertySourceBuilder] NacosPropertySourceBuilder.java:87 - Ignore the empty nacos configuration and get it based on dataId[dog-gateway.yml] & group[DEFAULT_GROUP]
2021-08-31 13:27:50,023 [main] INFO  [o.s.c.b.c.PropertySourceBootstrapConfiguration] PropertySourceBootstrapConfiguration.java:109 - Located property source: [BootstrapPropertySource {name='bootstrapProperties-dog-gateway-dev.yml,DEFAULT_GROUP'}, BootstrapPropertySource {name='bootstrapProperties-dog-gateway.yml,DEFAULT_GROUP'}, BootstrapPropertySource {name='bootstrapProperties-dog-gateway,DEFAULT_GROUP'}, BootstrapPropertySource {name='bootstrapProperties-application-dev.yml,DEFAULT_GROUP'}]
2021-08-31 13:27:50,028 [main] INFO  [c.u.j.c.EnableEncryptablePropertiesConfiguration] EnableEncryptablePropertiesConfiguration.java:69 - Bootstraping jasypt-string-boot auto configuration in context: dog-gateway-1
2021-08-31 13:27:50,029 [main] INFO  [com.dog4cloud.dog.gateway.PigGatewayApplication] SpringApplication.java:663 - The following profiles are active: dev
2021-08-31 13:27:50,861 [main] INFO  [o.s.d.r.config.RepositoryConfigurationDelegate] RepositoryConfigurationDelegate.java:262 - Multiple Spring Data modules found, entering strict repository configuration mode!
2021-08-31 13:27:50,862 [main] INFO  [o.s.d.r.config.RepositoryConfigurationDelegate] RepositoryConfigurationDelegate.java:132 - Bootstrapping Spring Data Redis repositories in DEFAULT mode.
2021-08-31 13:27:50,880 [main] INFO  [o.s.d.r.config.RepositoryConfigurationDelegate] RepositoryConfigurationDelegate.java:201 - Finished Spring Data repository scanning in 7 ms. Found 0 Redis repository interfaces.
2021-08-31 13:27:50,988 [main] INFO  [o.springframework.cloud.context.scope.GenericScope] GenericScope.java:283 - BeanFactory id=8dc45149-27e8-3cd3-8932-0bf2685b9bbb
2021-08-31 13:27:51,001 [main] INFO  [c.u.j.c.EnableEncryptablePropertiesBeanFactoryPostProcessor] EnableEncryptablePropertiesBeanFactoryPostProcessor.java:50 - Post-processing PropertySource instances
2021-08-31 13:27:51,011 [main] INFO  [c.u.j.EncryptablePropertySourceConverter] EncryptablePropertySourceConverter.java:38 - Converting PropertySource bootstrapProperties-dog-gateway-dev.yml,DEFAULT_GROUP [org.springframework.cloud.bootstrap.config.BootstrapPropertySource] to EncryptableEnumerablePropertySourceWrapper
2021-08-31 13:27:51,012 [main] INFO  [c.u.j.EncryptablePropertySourceConverter] EncryptablePropertySourceConverter.java:38 - Converting PropertySource bootstrapProperties-dog-gateway.yml,DEFAULT_GROUP [org.springframework.cloud.bootstrap.config.BootstrapPropertySource] to EncryptableEnumerablePropertySourceWrapper
2021-08-31 13:27:51,012 [main] INFO  [c.u.j.EncryptablePropertySourceConverter] EncryptablePropertySourceConverter.java:38 - Converting PropertySource bootstrapProperties-dog-gateway,DEFAULT_GROUP [org.springframework.cloud.bootstrap.config.BootstrapPropertySource] to EncryptableEnumerablePropertySourceWrapper
2021-08-31 13:27:51,012 [main] INFO  [c.u.j.EncryptablePropertySourceConverter] EncryptablePropertySourceConverter.java:38 - Converting PropertySource bootstrapProperties-application-dev.yml,DEFAULT_GROUP [org.springframework.cloud.bootstrap.config.BootstrapPropertySource] to EncryptableEnumerablePropertySourceWrapper
2021-08-31 13:27:51,013 [main] INFO  [c.u.j.EncryptablePropertySourceConverter] EncryptablePropertySourceConverter.java:38 - Converting PropertySource configurationProperties [org.springframework.boot.context.properties.source.ConfigurationPropertySourcesPropertySource] to AOP Proxy
2021-08-31 13:27:51,013 [main] INFO  [c.u.j.EncryptablePropertySourceConverter] EncryptablePropertySourceConverter.java:38 - Converting PropertySource gateway-properties [org.springframework.core.env.MapPropertySource] to EncryptableMapPropertySourceWrapper
2021-08-31 13:27:51,013 [main] INFO  [c.u.j.EncryptablePropertySourceConverter] EncryptablePropertySourceConverter.java:38 - Converting PropertySource systemProperties [org.springframework.core.env.PropertiesPropertySource] to EncryptableMapPropertySourceWrapper
2021-08-31 13:27:51,013 [main] INFO  [c.u.j.EncryptablePropertySourceConverter] EncryptablePropertySourceConverter.java:38 - Converting PropertySource systemEnvironment [org.springframework.boot.env.SystemEnvironmentPropertySourceEnvironmentPostProcessor$OriginAwareSystemEnvironmentPropertySource] to EncryptableMapPropertySourceWrapper
2021-08-31 13:27:51,013 [main] INFO  [c.u.j.EncryptablePropertySourceConverter] EncryptablePropertySourceConverter.java:38 - Converting PropertySource random [org.springframework.boot.env.RandomValuePropertySource] to EncryptablePropertySourceWrapper
2021-08-31 13:27:51,013 [main] INFO  [c.u.j.EncryptablePropertySourceConverter] EncryptablePropertySourceConverter.java:38 - Converting PropertySource cachedrandom [org.springframework.cloud.util.random.CachedRandomPropertySource] to EncryptablePropertySourceWrapper
2021-08-31 13:27:51,014 [main] INFO  [c.u.j.EncryptablePropertySourceConverter] EncryptablePropertySourceConverter.java:38 - Converting PropertySource springCloudClientHostInfo [org.springframework.core.env.MapPropertySource] to EncryptableMapPropertySourceWrapper
2021-08-31 13:27:51,014 [main] INFO  [c.u.j.EncryptablePropertySourceConverter] EncryptablePropertySourceConverter.java:38 - Converting PropertySource defaultProperties [org.springframework.core.env.MapPropertySource] to EncryptableMapPropertySourceWrapper
2021-08-31 13:27:51,014 [main] INFO  [c.u.j.EncryptablePropertySourceConverter] EncryptablePropertySourceConverter.java:38 - Converting PropertySource springCloudDefaultProperties [org.springframework.core.env.MapPropertySource] to EncryptableMapPropertySourceWrapper
2021-08-31 13:27:51,025 [main] INFO  [c.u.j.filter.DefaultLazyPropertyFilter] DefaultLazyPropertyFilter.java:31 - Property Filter custom Bean not found with name 'encryptablePropertyFilter'. Initializing Default Property Filter
2021-08-31 13:27:51,326 [main] INFO  [c.u.j.resolver.DefaultLazyPropertyResolver] DefaultLazyPropertyResolver.java:31 - Property Resolver custom Bean not found with name 'encryptablePropertyResolver'. Initializing Default Property Resolver
2021-08-31 13:27:51,326 [main] INFO  [c.u.j.detector.DefaultLazyPropertyDetector] DefaultLazyPropertyDetector.java:30 - Property Detector custom Bean not found with name 'encryptablePropertyDetector'. Initializing Default Property Detector
2021-08-31 13:27:51,352 [main] INFO  [o.s.c.s.PostProcessorRegistrationDelegate$BeanPostProcessorChecker] PostProcessorRegistrationDelegate.java:376 - Bean 'spring.cloud.sentinel-com.alibaba.cloud.sentinel.SentinelProperties' of type [com.alibaba.cloud.sentinel.SentinelProperties] is not eligible for getting processed by all BeanPostProcessors (for example: not eligible for auto-proxying)
2021-08-31 13:27:51,411 [main] INFO  [o.s.c.s.PostProcessorRegistrationDelegate$BeanPostProcessorChecker] PostProcessorRegistrationDelegate.java:376 - Bean 'com.alibaba.cloud.sentinel.custom.SentinelAutoConfiguration' of type [com.alibaba.cloud.sentinel.custom.SentinelAutoConfiguration] is not eligible for getting processed by all BeanPostProcessors (for example: not eligible for auto-proxying)
2021-08-31 13:27:51,420 [main] INFO  [o.s.c.s.PostProcessorRegistrationDelegate$BeanPostProcessorChecker] PostProcessorRegistrationDelegate.java:376 - Bean 'org.springframework.cloud.client.loadbalancer.reactive.LoadBalancerBeanPostProcessorAutoConfiguration' of type [org.springframework.cloud.client.loadbalancer.reactive.LoadBalancerBeanPostProcessorAutoConfiguration] is not eligible for getting processed by all BeanPostProcessors (for example: not eligible for auto-proxying)
2021-08-31 13:27:51,421 [main] INFO  [o.s.c.s.PostProcessorRegistrationDelegate$BeanPostProcessorChecker] PostProcessorRegistrationDelegate.java:376 - Bean 'org.springframework.cloud.client.loadbalancer.reactive.LoadBalancerBeanPostProcessorAutoConfiguration$ReactorDeferringLoadBalancerFilterConfig' of type [org.springframework.cloud.client.loadbalancer.reactive.LoadBalancerBeanPostProcessorAutoConfiguration$ReactorDeferringLoadBalancerFilterConfig] is not eligible for getting processed by all BeanPostProcessors (for example: not eligible for auto-proxying)
2021-08-31 13:27:51,423 [main] INFO  [o.s.c.s.PostProcessorRegistrationDelegate$BeanPostProcessorChecker] PostProcessorRegistrationDelegate.java:376 - Bean 'reactorDeferringLoadBalancerExchangeFilterFunction' of type [org.springframework.cloud.client.loadbalancer.reactive.DeferringLoadBalancerExchangeFilterFunction] is not eligible for getting processed by all BeanPostProcessors (for example: not eligible for auto-proxying)
2021-08-31 13:27:52,371 [main] INFO  [c.a.c.s.gateway.scg.SentinelSCGAutoConfiguration] SentinelSCGAutoConfiguration.java:144 - [Sentinel SpringCloudGateway] register SentinelGatewayFilter with order: -2147483648
2021-08-31 13:27:52,466 [main] INFO  [o.s.c.gateway.route.RouteDefinitionRouteLocator] RouteDefinitionRouteLocator.java:88 - Loaded RoutePredicateFactory [After]
2021-08-31 13:27:52,466 [main] INFO  [o.s.c.gateway.route.RouteDefinitionRouteLocator] RouteDefinitionRouteLocator.java:88 - Loaded RoutePredicateFactory [Before]
2021-08-31 13:27:52,467 [main] INFO  [o.s.c.gateway.route.RouteDefinitionRouteLocator] RouteDefinitionRouteLocator.java:88 - Loaded RoutePredicateFactory [Between]
2021-08-31 13:27:52,467 [main] INFO  [o.s.c.gateway.route.RouteDefinitionRouteLocator] RouteDefinitionRouteLocator.java:88 - Loaded RoutePredicateFactory [Cookie]
2021-08-31 13:27:52,467 [main] INFO  [o.s.c.gateway.route.RouteDefinitionRouteLocator] RouteDefinitionRouteLocator.java:88 - Loaded RoutePredicateFactory [Header]
2021-08-31 13:27:52,467 [main] INFO  [o.s.c.gateway.route.RouteDefinitionRouteLocator] RouteDefinitionRouteLocator.java:88 - Loaded RoutePredicateFactory [Host]
2021-08-31 13:27:52,468 [main] INFO  [o.s.c.gateway.route.RouteDefinitionRouteLocator] RouteDefinitionRouteLocator.java:88 - Loaded RoutePredicateFactory [Method]
2021-08-31 13:27:52,468 [main] INFO  [o.s.c.gateway.route.RouteDefinitionRouteLocator] RouteDefinitionRouteLocator.java:88 - Loaded RoutePredicateFactory [Path]
2021-08-31 13:27:52,468 [main] INFO  [o.s.c.gateway.route.RouteDefinitionRouteLocator] RouteDefinitionRouteLocator.java:88 - Loaded RoutePredicateFactory [Query]
2021-08-31 13:27:52,468 [main] INFO  [o.s.c.gateway.route.RouteDefinitionRouteLocator] RouteDefinitionRouteLocator.java:88 - Loaded RoutePredicateFactory [ReadBody]
2021-08-31 13:27:52,469 [main] INFO  [o.s.c.gateway.route.RouteDefinitionRouteLocator] RouteDefinitionRouteLocator.java:88 - Loaded RoutePredicateFactory [RemoteAddr]
2021-08-31 13:27:52,469 [main] INFO  [o.s.c.gateway.route.RouteDefinitionRouteLocator] RouteDefinitionRouteLocator.java:88 - Loaded RoutePredicateFactory [Weight]
2021-08-31 13:27:52,469 [main] INFO  [o.s.c.gateway.route.RouteDefinitionRouteLocator] RouteDefinitionRouteLocator.java:88 - Loaded RoutePredicateFactory [CloudFoundryRouteService]
2021-08-31 13:27:52,661 [main] INFO  [com.alibaba.nacos.client.naming] InitUtils.java:65 - initializer namespace from System Property :null
2021-08-31 13:27:52,678 [main] INFO  [com.alibaba.nacos.client.naming] InitUtils.java:74 - initializer namespace from System Environment :null
2021-08-31 13:27:52,679 [main] INFO  [com.alibaba.nacos.client.naming] InitUtils.java:84 - initializer namespace from System Property :null
2021-08-31 13:27:52,826 [main] INFO  [o.s.b.actuate.endpoint.web.EndpointLinksResolver] EndpointLinksResolver.java:58 - Exposing 20 endpoint(s) beneath base path '/actuator'
2021-08-31 13:27:52,904 [main] INFO  [c.a.c.s.gateway.scg.SentinelSCGAutoConfiguration] SentinelSCGAutoConfiguration.java:134 - [Sentinel SpringCloudGateway] register SentinelGatewayBlockExceptionHandler
2021-08-31 13:27:53,148 [main] WARN  [o.s.c.l.c.LoadBalancerCacheAutoConfiguration$LoadBalancerCaffeineWarnLogger] LoadBalancerCacheAutoConfiguration.java:82 - Spring Cloud LoadBalancer is currently working with the default cache. You can switch to using Caffeine cache, by adding it and org.springframework.cache.caffeine.CaffeineCacheManager to the classpath.
2021-08-31 13:27:53,364 [main] INFO  [o.s.boot.web.embedded.netty.NettyWebServer] NettyWebServer.java:111 - Netty started on port 9999
2021-08-31 13:27:53,373 [main] INFO  [com.alibaba.nacos.client.naming] BeatReactor.java:81 - [BEAT] adding beat: BeatInfo{port=9999, ip='10.6.3.10', weight=1.0, serviceName='DEFAULT_GROUP@@dog-gateway', cluster='DEFAULT', metadata={preserved.register.source=SPRING_CLOUD}, scheduled=false, period=5000, stopped=false} to beat map.
2021-08-31 13:27:53,373 [main] INFO  [com.alibaba.nacos.client.naming] NamingProxy.java:230 - [REGISTER-SERVICE] public registering service DEFAULT_GROUP@@dog-gateway with instance: Instance{instanceId='null', ip='10.6.3.10', port=9999, weight=1.0, healthy=true, enabled=true, ephemeral=true, clusterName='DEFAULT', serviceName='null', metadata={preserved.register.source=SPRING_CLOUD}}
2021-08-31 13:27:53,380 [main] INFO  [c.a.cloud.nacos.registry.NacosServiceRegistry] NacosServiceRegistry.java:75 - nacos registry, DEFAULT_GROUP dog-gateway 10.6.3.10:9999 register finished
2021-08-31 13:27:53,413 [main] INFO  [com.dog4cloud.dog.gateway.PigGatewayApplication] StartupInfoLogger.java:61 - Started PigGatewayApplication in 5.655 seconds (JVM running for 6.657)
2021-08-31 13:27:53,416 [main] INFO  [com.alibaba.nacos.client.config.impl.ClientWorker] ClientWorker.java:239 - [fixed-dog-register_8848] [subscribe] dog-gateway.yml+DEFAULT_GROUP
2021-08-31 13:27:53,417 [main] INFO  [com.alibaba.nacos.client.config.impl.CacheData] CacheData.java:93 - [fixed-dog-register_8848] [add-listener] ok, tenant=, dataId=dog-gateway.yml, group=DEFAULT_GROUP, cnt=1
2021-08-31 13:27:53,418 [main] INFO  [com.alibaba.nacos.client.config.impl.ClientWorker] ClientWorker.java:239 - [fixed-dog-register_8848] [subscribe] dog-gateway-dev.yml+DEFAULT_GROUP
2021-08-31 13:27:53,418 [main] INFO  [com.alibaba.nacos.client.config.impl.CacheData] CacheData.java:93 - [fixed-dog-register_8848] [add-listener] ok, tenant=, dataId=dog-gateway-dev.yml, group=DEFAULT_GROUP, cnt=1
2021-08-31 13:27:53,418 [main] INFO  [com.alibaba.nacos.client.config.impl.ClientWorker] ClientWorker.java:239 - [fixed-dog-register_8848] [subscribe] dog-gateway+DEFAULT_GROUP
2021-08-31 13:27:53,418 [main] INFO  [com.alibaba.nacos.client.config.impl.CacheData] CacheData.java:93 - [fixed-dog-register_8848] [add-listener] ok, tenant=, dataId=dog-gateway, group=DEFAULT_GROUP, cnt=1
2021-08-31 13:27:54,302 [com.alibaba.nacos.client.naming.updater] INFO  [com.alibaba.nacos.client.naming] HostReactor.java:228 - new ips(1) service: DEFAULT_GROUP@@dog-gateway@@DEFAULT -> [{"instanceId":"10.6.3.10#9999#DEFAULT#DEFAULT_GROUP@@dog-gateway","ip":"10.6.3.10","port":9999,"weight":1.0,"healthy":true,"enabled":true,"ephemeral":true,"clusterName":"DEFAULT","serviceName":"DEFAULT_GROUP@@dog-gateway","metadata":{"preserved.register.source":"SPRING_CLOUD"},"ipDeleteTimeout":30000,"instanceHeartBeatInterval":5000,"instanceHeartBeatTimeOut":15000}]
2021-08-31 13:27:54,306 [com.alibaba.nacos.client.naming.updater] INFO  [com.alibaba.nacos.client.naming] HostReactor.java:267 - current ips:(1) service: DEFAULT_GROUP@@dog-gateway@@DEFAULT -> [{"instanceId":"10.6.3.10#9999#DEFAULT#DEFAULT_GROUP@@dog-gateway","ip":"10.6.3.10","port":9999,"weight":1.0,"healthy":true,"enabled":true,"ephemeral":true,"clusterName":"DEFAULT","serviceName":"DEFAULT_GROUP@@dog-gateway","metadata":{"preserved.register.source":"SPRING_CLOUD"},"ipDeleteTimeout":30000,"instanceHeartBeatInterval":5000,"instanceHeartBeatTimeOut":15000}]
2021-08-31 14:05:53,572 [main] INFO  [c.a.n.client.config.impl.LocalConfigInfoProcessor] LocalConfigInfoProcessor.java:212 - LOCAL_SNAPSHOT_PATH:/Users/jony/nacos/config
2021-08-31 14:05:53,597 [main] INFO  [com.alibaba.nacos.client.config.impl.Limiter] Limiter.java:54 - limitTime:5.0
2021-08-31 14:05:53,620 [main] INFO  [com.alibaba.nacos.client.config.utils.JvmUtil] JvmUtil.java:49 - isMultiInstance:false
2021-08-31 14:05:53,635 [main] WARN  [c.a.cloud.nacos.client.NacosPropertySourceBuilder] NacosPropertySourceBuilder.java:87 - Ignore the empty nacos configuration and get it based on dataId[dog-monitor] & group[DEFAULT_GROUP]
2021-08-31 14:05:53,640 [main] WARN  [c.a.cloud.nacos.client.NacosPropertySourceBuilder] NacosPropertySourceBuilder.java:87 - Ignore the empty nacos configuration and get it based on dataId[dog-monitor.yml] & group[DEFAULT_GROUP]
2021-08-31 14:05:53,646 [main] INFO  [o.s.c.b.c.PropertySourceBootstrapConfiguration] PropertySourceBootstrapConfiguration.java:109 - Located property source: [BootstrapPropertySource {name='bootstrapProperties-dog-monitor-dev.yml,DEFAULT_GROUP'}, BootstrapPropertySource {name='bootstrapProperties-dog-monitor.yml,DEFAULT_GROUP'}, BootstrapPropertySource {name='bootstrapProperties-dog-monitor,DEFAULT_GROUP'}, BootstrapPropertySource {name='bootstrapProperties-application-dev.yml,DEFAULT_GROUP'}]
2021-08-31 14:05:53,651 [main] INFO  [c.u.j.c.EnableEncryptablePropertiesConfiguration] EnableEncryptablePropertiesConfiguration.java:69 - Bootstraping jasypt-string-boot auto configuration in context: dog-monitor-1
2021-08-31 14:05:53,651 [main] INFO  [com.dog4cloud.dog.monitor.PigMonitorApplication] SpringApplication.java:663 - The following profiles are active: dev
2021-08-31 14:05:54,640 [main] INFO  [o.s.d.r.config.RepositoryConfigurationDelegate] RepositoryConfigurationDelegate.java:262 - Multiple Spring Data modules found, entering strict repository configuration mode!
2021-08-31 14:05:54,643 [main] INFO  [o.s.d.r.config.RepositoryConfigurationDelegate] RepositoryConfigurationDelegate.java:132 - Bootstrapping Spring Data Redis repositories in DEFAULT mode.
2021-08-31 14:05:54,661 [main] INFO  [o.s.d.r.config.RepositoryConfigurationDelegate] RepositoryConfigurationDelegate.java:201 - Finished Spring Data repository scanning in 6 ms. Found 0 Redis repository interfaces.
2021-08-31 14:05:54,967 [main] INFO  [o.springframework.cloud.context.scope.GenericScope] GenericScope.java:283 - BeanFactory id=d1bbc71b-839f-3747-a75a-87d61398bcb3
2021-08-31 14:05:54,982 [main] INFO  [c.u.j.c.EnableEncryptablePropertiesBeanFactoryPostProcessor] EnableEncryptablePropertiesBeanFactoryPostProcessor.java:50 - Post-processing PropertySource instances
2021-08-31 14:05:54,996 [main] INFO  [c.u.j.EncryptablePropertySourceConverter] EncryptablePropertySourceConverter.java:38 - Converting PropertySource bootstrapProperties-dog-monitor-dev.yml,DEFAULT_GROUP [org.springframework.cloud.bootstrap.config.BootstrapPropertySource] to EncryptableEnumerablePropertySourceWrapper
2021-08-31 14:05:54,997 [main] INFO  [c.u.j.EncryptablePropertySourceConverter] EncryptablePropertySourceConverter.java:38 - Converting PropertySource bootstrapProperties-dog-monitor.yml,DEFAULT_GROUP [org.springframework.cloud.bootstrap.config.BootstrapPropertySource] to EncryptableEnumerablePropertySourceWrapper
2021-08-31 14:05:54,997 [main] INFO  [c.u.j.EncryptablePropertySourceConverter] EncryptablePropertySourceConverter.java:38 - Converting PropertySource bootstrapProperties-dog-monitor,DEFAULT_GROUP [org.springframework.cloud.bootstrap.config.BootstrapPropertySource] to EncryptableEnumerablePropertySourceWrapper
2021-08-31 14:05:54,997 [main] INFO  [c.u.j.EncryptablePropertySourceConverter] EncryptablePropertySourceConverter.java:38 - Converting PropertySource bootstrapProperties-application-dev.yml,DEFAULT_GROUP [org.springframework.cloud.bootstrap.config.BootstrapPropertySource] to EncryptableEnumerablePropertySourceWrapper
2021-08-31 14:05:54,997 [main] INFO  [c.u.j.EncryptablePropertySourceConverter] EncryptablePropertySourceConverter.java:38 - Converting PropertySource configurationProperties [org.springframework.boot.context.properties.source.ConfigurationPropertySourcesPropertySource] to AOP Proxy
2021-08-31 14:05:54,998 [main] INFO  [c.u.j.EncryptablePropertySourceConverter] EncryptablePropertySourceConverter.java:38 - Converting PropertySource servletConfigInitParams [org.springframework.core.env.PropertySource$StubPropertySource] to EncryptablePropertySourceWrapper
2021-08-31 14:05:54,998 [main] INFO  [c.u.j.EncryptablePropertySourceConverter] EncryptablePropertySourceConverter.java:38 - Converting PropertySource servletContextInitParams [org.springframework.core.env.PropertySource$StubPropertySource] to EncryptablePropertySourceWrapper
2021-08-31 14:05:54,998 [main] INFO  [c.u.j.EncryptablePropertySourceConverter] EncryptablePropertySourceConverter.java:38 - Converting PropertySource systemProperties [org.springframework.core.env.PropertiesPropertySource] to EncryptableMapPropertySourceWrapper
2021-08-31 14:05:54,998 [main] INFO  [c.u.j.EncryptablePropertySourceConverter] EncryptablePropertySourceConverter.java:38 - Converting PropertySource systemEnvironment [org.springframework.boot.env.SystemEnvironmentPropertySourceEnvironmentPostProcessor$OriginAwareSystemEnvironmentPropertySource] to EncryptableMapPropertySourceWrapper
2021-08-31 14:05:54,998 [main] INFO  [c.u.j.EncryptablePropertySourceConverter] EncryptablePropertySourceConverter.java:38 - Converting PropertySource random [org.springframework.boot.env.RandomValuePropertySource] to EncryptablePropertySourceWrapper
2021-08-31 14:05:54,999 [main] INFO  [c.u.j.EncryptablePropertySourceConverter] EncryptablePropertySourceConverter.java:38 - Converting PropertySource cachedrandom [org.springframework.cloud.util.random.CachedRandomPropertySource] to EncryptablePropertySourceWrapper
2021-08-31 14:05:54,999 [main] INFO  [c.u.j.EncryptablePropertySourceConverter] EncryptablePropertySourceConverter.java:38 - Converting PropertySource springCloudClientHostInfo [org.springframework.core.env.MapPropertySource] to EncryptableMapPropertySourceWrapper
2021-08-31 14:05:54,999 [main] INFO  [c.u.j.EncryptablePropertySourceConverter] EncryptablePropertySourceConverter.java:38 - Converting PropertySource springCloudDefaultProperties [org.springframework.core.env.MapPropertySource] to EncryptableMapPropertySourceWrapper
2021-08-31 14:05:55,019 [main] INFO  [c.u.j.filter.DefaultLazyPropertyFilter] DefaultLazyPropertyFilter.java:31 - Property Filter custom Bean not found with name 'encryptablePropertyFilter'. Initializing Default Property Filter
2021-08-31 14:05:55,293 [main] INFO  [c.u.j.resolver.DefaultLazyPropertyResolver] DefaultLazyPropertyResolver.java:31 - Property Resolver custom Bean not found with name 'encryptablePropertyResolver'. Initializing Default Property Resolver
2021-08-31 14:05:55,294 [main] INFO  [c.u.j.detector.DefaultLazyPropertyDetector] DefaultLazyPropertyDetector.java:30 - Property Detector custom Bean not found with name 'encryptablePropertyDetector'. Initializing Default Property Detector
2021-08-31 14:05:55,319 [main] INFO  [o.s.c.s.PostProcessorRegistrationDelegate$BeanPostProcessorChecker] PostProcessorRegistrationDelegate.java:376 - Bean 'spring.cloud.sentinel-com.alibaba.cloud.sentinel.SentinelProperties' of type [com.alibaba.cloud.sentinel.SentinelProperties] is not eligible for getting processed by all BeanPostProcessors (for example: not eligible for auto-proxying)
2021-08-31 14:05:55,382 [main] INFO  [o.s.c.s.PostProcessorRegistrationDelegate$BeanPostProcessorChecker] PostProcessorRegistrationDelegate.java:376 - Bean 'com.alibaba.cloud.sentinel.custom.SentinelAutoConfiguration' of type [com.alibaba.cloud.sentinel.custom.SentinelAutoConfiguration] is not eligible for getting processed by all BeanPostProcessors (for example: not eligible for auto-proxying)
2021-08-31 14:05:55,409 [main] INFO  [o.s.c.s.PostProcessorRegistrationDelegate$BeanPostProcessorChecker] PostProcessorRegistrationDelegate.java:376 - Bean 'org.springframework.cloud.client.loadbalancer.reactive.LoadBalancerBeanPostProcessorAutoConfiguration' of type [org.springframework.cloud.client.loadbalancer.reactive.LoadBalancerBeanPostProcessorAutoConfiguration] is not eligible for getting processed by all BeanPostProcessors (for example: not eligible for auto-proxying)
2021-08-31 14:05:55,411 [main] INFO  [o.s.c.s.PostProcessorRegistrationDelegate$BeanPostProcessorChecker] PostProcessorRegistrationDelegate.java:376 - Bean 'org.springframework.cloud.client.loadbalancer.reactive.LoadBalancerBeanPostProcessorAutoConfiguration$ReactorDeferringLoadBalancerFilterConfig' of type [org.springframework.cloud.client.loadbalancer.reactive.LoadBalancerBeanPostProcessorAutoConfiguration$ReactorDeferringLoadBalancerFilterConfig] is not eligible for getting processed by all BeanPostProcessors (for example: not eligible for auto-proxying)
2021-08-31 14:05:55,412 [main] INFO  [o.s.c.s.PostProcessorRegistrationDelegate$BeanPostProcessorChecker] PostProcessorRegistrationDelegate.java:376 - Bean 'reactorDeferringLoadBalancerExchangeFilterFunction' of type [org.springframework.cloud.client.loadbalancer.reactive.DeferringLoadBalancerExchangeFilterFunction] is not eligible for getting processed by all BeanPostProcessors (for example: not eligible for auto-proxying)
2021-08-31 14:05:55,725 [main] INFO  [o.s.boot.web.embedded.tomcat.TomcatWebServer] TomcatWebServer.java:108 - Tomcat initialized with port(s): 5001 (http)
2021-08-31 14:05:55,736 [main] INFO  [org.apache.coyote.http11.Http11NioProtocol] DirectJDKLog.java:173 - Initializing ProtocolHandler ["http-nio-5001"]
2021-08-31 14:05:55,737 [main] INFO  [org.apache.catalina.core.StandardService] DirectJDKLog.java:173 - Starting service [Tomcat]
2021-08-31 14:05:55,737 [main] INFO  [org.apache.catalina.core.StandardEngine] DirectJDKLog.java:173 - Starting Servlet engine: [Apache Tomcat/9.0.50]
2021-08-31 14:05:55,848 [main] INFO  [o.a.c.core.ContainerBase.[Tomcat].[localhost].[/]] DirectJDKLog.java:173 - Initializing Spring embedded WebApplicationContext
2021-08-31 14:05:55,848 [main] INFO  [o.s.b.w.s.c.ServletWebServerApplicationContext] ServletWebServerApplicationContext.java:290 - Root WebApplicationContext: initialization completed in 2181 ms
2021-08-31 14:05:55,960 [main] INFO  [c.u.j.encryptor.DefaultLazyEncryptor] DefaultLazyEncryptor.java:32 - String Encryptor custom Bean not found with name 'jasyptStringEncryptor'. Initializing Default String Encryptor
2021-08-31 14:05:55,970 [main] INFO  [c.u.j.encryptor.DefaultLazyEncryptor] DefaultLazyEncryptor.java:58 - Encryptor config not found for property jasypt.encryptor.algorithm, using default value: PBEWithMD5AndDES
2021-08-31 14:05:55,971 [main] INFO  [c.u.j.encryptor.DefaultLazyEncryptor] DefaultLazyEncryptor.java:58 - Encryptor config not found for property jasypt.encryptor.keyObtentionIterations, using default value: 1000
2021-08-31 14:05:55,972 [main] INFO  [c.u.j.encryptor.DefaultLazyEncryptor] DefaultLazyEncryptor.java:58 - Encryptor config not found for property jasypt.encryptor.poolSize, using default value: 1
2021-08-31 14:05:55,973 [main] INFO  [c.u.j.encryptor.DefaultLazyEncryptor] DefaultLazyEncryptor.java:58 - Encryptor config not found for property jasypt.encryptor.providerName, using default value: null
2021-08-31 14:05:55,973 [main] INFO  [c.u.j.encryptor.DefaultLazyEncryptor] DefaultLazyEncryptor.java:58 - Encryptor config not found for property jasypt.encryptor.providerClassName, using default value: null
2021-08-31 14:05:55,973 [main] INFO  [c.u.j.encryptor.DefaultLazyEncryptor] DefaultLazyEncryptor.java:58 - Encryptor config not found for property jasypt.encryptor.saltGeneratorClassname, using default value: org.jasypt.salt.RandomSaltGenerator
2021-08-31 14:05:55,976 [main] INFO  [c.u.j.encryptor.DefaultLazyEncryptor] DefaultLazyEncryptor.java:58 - Encryptor config not found for property jasypt.encryptor.stringOutputType, using default value: base64
2021-08-31 14:05:56,573 [main] INFO  [c.a.cloud.sentinel.SentinelWebAutoConfiguration] SentinelWebAutoConfiguration.java:80 - [Sentinel Starter] register SentinelWebInterceptor with urlPatterns: [/**].
2021-08-31 14:05:56,699 [main] WARN  [o.s.b.a.t.ThymeleafAutoConfiguration$DefaultTemplateResolverConfiguration] ThymeleafAutoConfiguration.java:105 - Cannot find template location: classpath:/templates/ (please add some templates or check your Thymeleaf configuration)
2021-08-31 14:05:56,774 [main] INFO  [com.alibaba.nacos.client.naming] InitUtils.java:65 - initializer namespace from System Property :null
2021-08-31 14:05:56,775 [main] INFO  [com.alibaba.nacos.client.naming] InitUtils.java:74 - initializer namespace from System Environment :null
2021-08-31 14:05:56,775 [main] INFO  [com.alibaba.nacos.client.naming] InitUtils.java:84 - initializer namespace from System Property :null
2021-08-31 14:05:57,948 [main] INFO  [o.s.security.web.DefaultSecurityFilterChain] DefaultSecurityFilterChain.java:51 - Will secure any request with [org.springframework.security.web.context.request.async.WebAsyncManagerIntegrationFilter@2cacb445, org.springframework.security.web.context.SecurityContextPersistenceFilter@3d98729a, org.springframework.security.web.header.HeaderWriterFilter@3b66ac74, org.springframework.security.web.authentication.logout.LogoutFilter@5c3710b3, org.springframework.security.web.authentication.UsernamePasswordAuthenticationFilter@25823192, org.springframework.security.web.authentication.www.BasicAuthenticationFilter@6b0ba697, org.springframework.security.web.savedrequest.RequestCacheAwareFilter@5178345d, org.springframework.security.web.servletapi.SecurityContextHolderAwareRequestFilter@33eab2e8, org.springframework.security.web.authentication.AnonymousAuthenticationFilter@1e7cfd49, org.springframework.security.web.session.SessionManagementFilter@5b88af70, org.springframework.security.web.access.ExceptionTranslationFilter@117fb9ba, org.springframework.security.web.access.intercept.FilterSecurityInterceptor@294ebe11]
2021-08-31 14:05:58,051 [main] WARN  [o.s.c.l.c.LoadBalancerCacheAutoConfiguration$LoadBalancerCaffeineWarnLogger] LoadBalancerCacheAutoConfiguration.java:82 - Spring Cloud LoadBalancer is currently working with the default cache. You can switch to using Caffeine cache, by adding it and org.springframework.cache.caffeine.CaffeineCacheManager to the classpath.
2021-08-31 14:05:58,299 [main] INFO  [o.s.b.actuate.endpoint.web.EndpointLinksResolver] EndpointLinksResolver.java:58 - Exposing 19 endpoint(s) beneath base path '/actuator'
2021-08-31 14:05:58,462 [main] INFO  [org.apache.coyote.http11.Http11NioProtocol] DirectJDKLog.java:173 - Starting ProtocolHandler ["http-nio-5001"]
2021-08-31 14:05:58,494 [main] INFO  [o.s.boot.web.embedded.tomcat.TomcatWebServer] TomcatWebServer.java:220 - Tomcat started on port(s): 5001 (http) with context path ''
2021-08-31 14:05:58,508 [main] INFO  [com.alibaba.nacos.client.naming] BeatReactor.java:81 - [BEAT] adding beat: BeatInfo{port=5001, ip='10.6.3.10', weight=1.0, serviceName='DEFAULT_GROUP@@dog-monitor', cluster='DEFAULT', metadata={preserved.register.source=SPRING_CLOUD}, scheduled=false, period=5000, stopped=false} to beat map.
2021-08-31 14:05:58,509 [main] INFO  [com.alibaba.nacos.client.naming] NamingProxy.java:230 - [REGISTER-SERVICE] public registering service DEFAULT_GROUP@@dog-monitor with instance: Instance{instanceId='null', ip='10.6.3.10', port=5001, weight=1.0, healthy=true, enabled=true, ephemeral=true, clusterName='DEFAULT', serviceName='null', metadata={preserved.register.source=SPRING_CLOUD}}
2021-08-31 14:05:58,510 [Nacos-Watch-Task-Scheduler-1] INFO  [com.alibaba.nacos.client.naming] HostReactor.java:228 - new ips(1) service: DEFAULT_GROUP@@dog-auth -> [{"instanceId":"10.6.3.10#3000#DEFAULT#DEFAULT_GROUP@@dog-auth","ip":"10.6.3.10","port":3000,"weight":1.0,"healthy":true,"enabled":true,"ephemeral":true,"clusterName":"DEFAULT","serviceName":"DEFAULT_GROUP@@dog-auth","metadata":{"preserved.register.source":"SPRING_CLOUD"},"ipDeleteTimeout":30000,"instanceHeartBeatInterval":5000,"instanceHeartBeatTimeOut":15000}]
2021-08-31 14:05:58,514 [main] INFO  [c.a.cloud.nacos.registry.NacosServiceRegistry] NacosServiceRegistry.java:75 - nacos registry, DEFAULT_GROUP dog-monitor 10.6.3.10:5001 register finished
2021-08-31 14:05:58,515 [Nacos-Watch-Task-Scheduler-1] INFO  [com.alibaba.nacos.client.naming] HostReactor.java:267 - current ips:(1) service: DEFAULT_GROUP@@dog-auth -> [{"instanceId":"10.6.3.10#3000#DEFAULT#DEFAULT_GROUP@@dog-auth","ip":"10.6.3.10","port":3000,"weight":1.0,"healthy":true,"enabled":true,"ephemeral":true,"clusterName":"DEFAULT","serviceName":"DEFAULT_GROUP@@dog-auth","metadata":{"preserved.register.source":"SPRING_CLOUD"},"ipDeleteTimeout":30000,"instanceHeartBeatInterval":5000,"instanceHeartBeatTimeOut":15000}]
2021-08-31 14:05:58,528 [main] INFO  [com.alibaba.nacos.client.naming] HostReactor.java:228 - new ips(1) service: DEFAULT_GROUP@@dog-monitor -> [{"instanceId":"10.6.3.10#5001#DEFAULT#DEFAULT_GROUP@@dog-monitor","ip":"10.6.3.10","port":5001,"weight":1.0,"healthy":true,"enabled":true,"ephemeral":true,"clusterName":"DEFAULT","serviceName":"DEFAULT_GROUP@@dog-monitor","metadata":{"preserved.register.source":"SPRING_CLOUD"},"ipDeleteTimeout":30000,"instanceHeartBeatInterval":5000,"instanceHeartBeatTimeOut":15000}]
2021-08-31 14:05:58,529 [main] INFO  [com.alibaba.nacos.client.naming] HostReactor.java:267 - current ips:(1) service: DEFAULT_GROUP@@dog-monitor -> [{"instanceId":"10.6.3.10#5001#DEFAULT#DEFAULT_GROUP@@dog-monitor","ip":"10.6.3.10","port":5001,"weight":1.0,"healthy":true,"enabled":true,"ephemeral":true,"clusterName":"DEFAULT","serviceName":"DEFAULT_GROUP@@dog-monitor","metadata":{"preserved.register.source":"SPRING_CLOUD"},"ipDeleteTimeout":30000,"instanceHeartBeatInterval":5000,"instanceHeartBeatTimeOut":15000}]
2021-08-31 14:05:58,673 [main] INFO  [com.alibaba.nacos.client.naming] HostReactor.java:228 - new ips(1) service: DEFAULT_GROUP@@dog-upms-biz -> [{"instanceId":"10.6.3.10#4000#DEFAULT#DEFAULT_GROUP@@dog-upms-biz","ip":"10.6.3.10","port":4000,"weight":1.0,"healthy":true,"enabled":true,"ephemeral":true,"clusterName":"DEFAULT","serviceName":"DEFAULT_GROUP@@dog-upms-biz","metadata":{"preserved.register.source":"SPRING_CLOUD"},"ipDeleteTimeout":30000,"instanceHeartBeatInterval":5000,"instanceHeartBeatTimeOut":15000}]
2021-08-31 14:05:58,675 [main] INFO  [com.alibaba.nacos.client.naming] HostReactor.java:267 - current ips:(1) service: DEFAULT_GROUP@@dog-upms-biz -> [{"instanceId":"10.6.3.10#4000#DEFAULT#DEFAULT_GROUP@@dog-upms-biz","ip":"10.6.3.10","port":4000,"weight":1.0,"healthy":true,"enabled":true,"ephemeral":true,"clusterName":"DEFAULT","serviceName":"DEFAULT_GROUP@@dog-upms-biz","metadata":{"preserved.register.source":"SPRING_CLOUD"},"ipDeleteTimeout":30000,"instanceHeartBeatInterval":5000,"instanceHeartBeatTimeOut":15000}]
2021-08-31 14:05:58,683 [Nacos-Watch-Task-Scheduler-1] INFO  [com.alibaba.nacos.client.naming] HostReactor.java:228 - new ips(1) service: DEFAULT_GROUP@@dog-gateway -> [{"instanceId":"10.6.3.10#9999#DEFAULT#DEFAULT_GROUP@@dog-gateway","ip":"10.6.3.10","port":9999,"weight":1.0,"healthy":true,"enabled":true,"ephemeral":true,"clusterName":"DEFAULT","serviceName":"DEFAULT_GROUP@@dog-gateway","metadata":{"preserved.register.source":"SPRING_CLOUD"},"ipDeleteTimeout":30000,"instanceHeartBeatInterval":5000,"instanceHeartBeatTimeOut":15000}]
2021-08-31 14:05:58,685 [Nacos-Watch-Task-Scheduler-1] INFO  [com.alibaba.nacos.client.naming] HostReactor.java:267 - current ips:(1) service: DEFAULT_GROUP@@dog-gateway -> [{"instanceId":"10.6.3.10#9999#DEFAULT#DEFAULT_GROUP@@dog-gateway","ip":"10.6.3.10","port":9999,"weight":1.0,"healthy":true,"enabled":true,"ephemeral":true,"clusterName":"DEFAULT","serviceName":"DEFAULT_GROUP@@dog-gateway","metadata":{"preserved.register.source":"SPRING_CLOUD"},"ipDeleteTimeout":30000,"instanceHeartBeatInterval":5000,"instanceHeartBeatTimeOut":15000}]
2021-08-31 14:05:58,697 [Nacos-Watch-Task-Scheduler-1] INFO  [d.c.b.a.s.c.discovery.InstanceDiscoveryListener] InstanceDiscoveryListener.java:138 - Instance 'd6f6af56887e' missing in DiscoveryClient services and will be removed.
2021-08-31 14:05:58,727 [main] INFO  [com.dog4cloud.dog.monitor.PigMonitorApplication] StartupInfoLogger.java:61 - Started PigMonitorApplication in 6.535 seconds (JVM running for 7.624)
2021-08-31 14:05:58,744 [main] INFO  [com.alibaba.nacos.client.config.impl.ClientWorker] ClientWorker.java:239 - [fixed-dog-register_8848] [subscribe] dog-monitor+DEFAULT_GROUP
2021-08-31 14:05:58,746 [main] INFO  [com.alibaba.nacos.client.config.impl.CacheData] CacheData.java:93 - [fixed-dog-register_8848] [add-listener] ok, tenant=, dataId=dog-monitor, group=DEFAULT_GROUP, cnt=1
2021-08-31 14:05:58,746 [main] INFO  [com.alibaba.nacos.client.config.impl.ClientWorker] ClientWorker.java:239 - [fixed-dog-register_8848] [subscribe] dog-monitor.yml+DEFAULT_GROUP
2021-08-31 14:05:58,747 [main] INFO  [com.alibaba.nacos.client.config.impl.CacheData] CacheData.java:93 - [fixed-dog-register_8848] [add-listener] ok, tenant=, dataId=dog-monitor.yml, group=DEFAULT_GROUP, cnt=1
2021-08-31 14:05:58,748 [main] INFO  [com.alibaba.nacos.client.config.impl.ClientWorker] ClientWorker.java:239 - [fixed-dog-register_8848] [subscribe] dog-monitor-dev.yml+DEFAULT_GROUP
2021-08-31 14:05:58,748 [main] INFO  [com.alibaba.nacos.client.config.impl.CacheData] CacheData.java:93 - [fixed-dog-register_8848] [add-listener] ok, tenant=, dataId=dog-monitor-dev.yml, group=DEFAULT_GROUP, cnt=1
2021-08-31 14:05:58,909 [http-nio-5001-exec-1] INFO  [o.a.c.core.ContainerBase.[Tomcat].[localhost].[/]] DirectJDKLog.java:173 - Initializing Spring DispatcherServlet 'dispatcherServlet'
2021-08-31 14:05:58,909 [http-nio-5001-exec-1] INFO  [org.springframework.web.servlet.DispatcherServlet] FrameworkServlet.java:525 - Initializing Servlet 'dispatcherServlet'
2021-08-31 14:05:58,913 [http-nio-5001-exec-1] INFO  [org.springframework.web.servlet.DispatcherServlet] FrameworkServlet.java:547 - Completed initialization in 3 ms
2021-08-31 14:05:59,466 [com.alibaba.nacos.client.naming.updater] INFO  [com.alibaba.nacos.client.naming] HostReactor.java:228 - new ips(1) service: DEFAULT_GROUP@@dog-monitor@@DEFAULT -> [{"instanceId":"10.6.3.10#5001#DEFAULT#DEFAULT_GROUP@@dog-monitor","ip":"10.6.3.10","port":5001,"weight":1.0,"healthy":true,"enabled":true,"ephemeral":true,"clusterName":"DEFAULT","serviceName":"DEFAULT_GROUP@@dog-monitor","metadata":{"preserved.register.source":"SPRING_CLOUD"},"ipDeleteTimeout":30000,"instanceHeartBeatInterval":5000,"instanceHeartBeatTimeOut":15000}]
2021-08-31 14:05:59,467 [com.alibaba.nacos.client.naming.updater] INFO  [com.alibaba.nacos.client.naming] HostReactor.java:267 - current ips:(1) service: DEFAULT_GROUP@@dog-monitor@@DEFAULT -> [{"instanceId":"10.6.3.10#5001#DEFAULT#DEFAULT_GROUP@@dog-monitor","ip":"10.6.3.10","port":5001,"weight":1.0,"healthy":true,"enabled":true,"ephemeral":true,"clusterName":"DEFAULT","serviceName":"DEFAULT_GROUP@@dog-monitor","metadata":{"preserved.register.source":"SPRING_CLOUD"},"ipDeleteTimeout":30000,"instanceHeartBeatInterval":5000,"instanceHeartBeatTimeOut":15000}]
2021-08-31 14:06:28,713 [Nacos-Watch-Task-Scheduler-1] INFO  [com.alibaba.nacos.client.naming] HostReactor.java:228 - new ips(1) service: DEFAULT_GROUP@@dog-sentinel-dashboard -> [{"instanceId":"10.6.3.10#5003#DEFAULT#DEFAULT_GROUP@@dog-sentinel-dashboard","ip":"10.6.3.10","port":5003,"weight":1.0,"healthy":true,"enabled":true,"ephemeral":true,"clusterName":"DEFAULT","serviceName":"DEFAULT_GROUP@@dog-sentinel-dashboard","metadata":{"preserved.register.source":"SPRING_CLOUD"},"ipDeleteTimeout":30000,"instanceHeartBeatInterval":5000,"instanceHeartBeatTimeOut":15000}]
2021-08-31 14:06:28,715 [Nacos-Watch-Task-Scheduler-1] INFO  [com.alibaba.nacos.client.naming] HostReactor.java:267 - current ips:(1) service: DEFAULT_GROUP@@dog-sentinel-dashboard -> [{"instanceId":"10.6.3.10#5003#DEFAULT#DEFAULT_GROUP@@dog-sentinel-dashboard","ip":"10.6.3.10","port":5003,"weight":1.0,"healthy":true,"enabled":true,"ephemeral":true,"clusterName":"DEFAULT","serviceName":"DEFAULT_GROUP@@dog-sentinel-dashboard","metadata":{"preserved.register.source":"SPRING_CLOUD"},"ipDeleteTimeout":30000,"instanceHeartBeatInterval":5000,"instanceHeartBeatTimeOut":15000}]
2021-08-31 14:56:27,355 [Thread-6] WARN  [com.alibaba.nacos.common.http.HttpClientBeanHolder] HttpClientBeanHolder.java:108 - [HttpClientBeanHolder] Start destroying common HttpClient
2021-08-31 14:56:27,355 [Thread-24] WARN  [com.alibaba.nacos.common.notify.NotifyCenter] NotifyCenter.java:145 - [NotifyCenter] Start destroying Publisher
2021-08-31 14:56:27,358 [Thread-24] WARN  [com.alibaba.nacos.common.notify.NotifyCenter] NotifyCenter.java:162 - [NotifyCenter] Destruction of the end
2021-08-31 14:56:27,361 [Thread-6] WARN  [com.alibaba.nacos.common.http.HttpClientBeanHolder] HttpClientBeanHolder.java:114 - [HttpClientBeanHolder] Destruction of the end
2021-08-31 14:56:27,371 [SpringApplicationShutdownHook] INFO  [c.a.cloud.nacos.registry.NacosServiceRegistry] NacosServiceRegistry.java:90 - De-registering from Nacos Server now...
2021-08-31 14:56:27,371 [SpringApplicationShutdownHook] INFO  [com.alibaba.nacos.client.naming] BeatReactor.java:101 - [BEAT] removing beat: DEFAULT_GROUP@@dog-gateway:10.6.3.10:9999 from beat map.
2021-08-31 14:56:27,371 [SpringApplicationShutdownHook] INFO  [com.alibaba.nacos.client.naming] NamingProxy.java:260 - [DEREGISTER-SERVICE] public deregistering service DEFAULT_GROUP@@dog-gateway with instance: Instance{instanceId='null', ip='10.6.3.10', port=9999, weight=1.0, healthy=true, enabled=true, ephemeral=true, clusterName='DEFAULT', serviceName='null', metadata={}}
2021-08-31 14:56:27,375 [SpringApplicationShutdownHook] INFO  [c.a.cloud.nacos.registry.NacosServiceRegistry] NacosServiceRegistry.java:110 - De-registration finished.
2021-08-31 14:56:27,375 [SpringApplicationShutdownHook] INFO  [com.alibaba.nacos.client.naming] BeatReactor.java:147 - com.alibaba.nacos.client.naming.beat.BeatReactor do shutdown begin
2021-08-31 14:56:28,607 [com.alibaba.nacos.client.naming.updater] INFO  [com.alibaba.nacos.client.naming] HostReactor.java:234 - removed ips(1) service: DEFAULT_GROUP@@dog-gateway@@DEFAULT -> [{"instanceId":"10.6.3.10#9999#DEFAULT#DEFAULT_GROUP@@dog-gateway","ip":"10.6.3.10","port":9999,"weight":1.0,"healthy":true,"enabled":true,"ephemeral":true,"clusterName":"DEFAULT","serviceName":"DEFAULT_GROUP@@dog-gateway","metadata":{"preserved.register.source":"SPRING_CLOUD"},"ipDeleteTimeout":30000,"instanceHeartBeatInterval":5000,"instanceHeartBeatTimeOut":15000}]
2021-08-31 14:56:28,612 [com.alibaba.nacos.client.naming.updater] INFO  [com.alibaba.nacos.client.naming] HostReactor.java:267 - current ips:(0) service: DEFAULT_GROUP@@dog-gateway@@DEFAULT -> []
2021-08-31 14:56:30,380 [SpringApplicationShutdownHook] INFO  [com.alibaba.nacos.client.naming] BeatReactor.java:149 - com.alibaba.nacos.client.naming.beat.BeatReactor do shutdown stop
2021-08-31 14:56:30,380 [SpringApplicationShutdownHook] INFO  [com.alibaba.nacos.client.naming] HostReactor.java:409 - com.alibaba.nacos.client.naming.core.HostReactor do shutdown begin
2021-08-31 14:56:30,619 [SpringApplicationShutdownHook] INFO  [com.alibaba.nacos.client.naming] PushReceiver.java:121 - com.alibaba.nacos.client.naming.core.PushReceiver do shutdown begin
2021-08-31 14:56:32,046 [com.alibaba.nacos.client.naming.updater] INFO  [com.alibaba.nacos.client.naming] HostReactor.java:234 - removed ips(1) service: DEFAULT_GROUP@@dog-gateway -> [{"instanceId":"10.6.3.10#9999#DEFAULT#DEFAULT_GROUP@@dog-gateway","ip":"10.6.3.10","port":9999,"weight":1.0,"healthy":true,"enabled":true,"ephemeral":true,"clusterName":"DEFAULT","serviceName":"DEFAULT_GROUP@@dog-gateway","metadata":{"preserved.register.source":"SPRING_CLOUD"},"ipDeleteTimeout":30000,"instanceHeartBeatInterval":5000,"instanceHeartBeatTimeOut":15000}]
2021-08-31 14:56:32,049 [com.alibaba.nacos.client.naming.updater] INFO  [com.alibaba.nacos.client.naming] HostReactor.java:267 - current ips:(0) service: DEFAULT_GROUP@@dog-gateway -> []
2021-08-31 14:56:33,632 [SpringApplicationShutdownHook] INFO  [com.alibaba.nacos.client.naming] PushReceiver.java:125 - com.alibaba.nacos.client.naming.core.PushReceiver do shutdown stop
2021-08-31 14:56:33,633 [SpringApplicationShutdownHook] INFO  [com.alibaba.nacos.client.naming] FailoverReactor.java:132 - com.alibaba.nacos.client.naming.backups.FailoverReactor do shutdown begin
2021-08-31 14:56:33,633 [SpringApplicationShutdownHook] INFO  [com.alibaba.nacos.client.naming] FailoverReactor.java:134 - com.alibaba.nacos.client.naming.backups.FailoverReactor do shutdown stop
2021-08-31 14:56:33,634 [SpringApplicationShutdownHook] INFO  [com.alibaba.nacos.client.naming] HostReactor.java:414 - com.alibaba.nacos.client.naming.core.HostReactor do shutdown stop
2021-08-31 14:56:33,634 [SpringApplicationShutdownHook] INFO  [com.alibaba.nacos.client.naming] NamingProxy.java:719 - com.alibaba.nacos.client.naming.net.NamingProxy do shutdown begin
2021-08-31 14:56:33,634 [SpringApplicationShutdownHook] WARN  [com.alibaba.nacos.client.naming] NamingHttpClientManager.java:72 - [NamingHttpClientManager] Start destroying NacosRestTemplate
2021-08-31 14:56:33,634 [SpringApplicationShutdownHook] WARN  [com.alibaba.nacos.client.naming] NamingHttpClientManager.java:79 - [NamingHttpClientManager] Destruction of the end
2021-08-31 14:56:33,635 [SpringApplicationShutdownHook] INFO  [c.alibaba.nacos.client.identify.CredentialWatcher] CredentialWatcher.java:105 - [null] CredentialWatcher is stopped
2021-08-31 14:56:33,635 [SpringApplicationShutdownHook] INFO  [c.alibaba.nacos.client.identify.CredentialService] CredentialService.java:98 - [null] CredentialService is freed
2021-08-31 14:56:33,635 [SpringApplicationShutdownHook] INFO  [com.alibaba.nacos.client.naming] NamingProxy.java:723 - com.alibaba.nacos.client.naming.net.NamingProxy do shutdown stop
2021-08-31 14:56:33,636 [SpringApplicationShutdownHook] WARN  [o.s.beans.factory.support.DisposableBeanAdapter] DisposableBeanAdapter.java:291 - Destroy method 'close' on bean with name 'nacosServiceRegistry' threw an exception: java.lang.NullPointerException
2021-08-31 14:56:37,522 [reactor-http-nio-4] INFO  [d.c.boot.admin.server.services.StatusUpdater] StatusUpdater.java:127 - Couldn't retrieve status for Instance(id=1f42a6619577, version=2, registration=Registration(name=dog-gateway, managementUrl=http://10.6.3.10:9999/actuator, healthUrl=http://10.6.3.10:9999/actuator/health, serviceUrl=http://10.6.3.10:9999, source=discovery), registered=true, statusInfo=StatusInfo(status=UP, details={}), statusTimestamp=2021-08-31T06:05:59.164Z, info=Info(values={}), endpoints=Endpoints(endpoints={sentinel=Endpoint(id=sentinel, url=http://10.6.3.10:9999/actuator/sentinel), caches=Endpoint(id=caches, url=http://10.6.3.10:9999/actuator/caches), loggers=Endpoint(id=loggers, url=http://10.6.3.10:9999/actuator/loggers), nacosconfig=Endpoint(id=nacosconfig, url=http://10.6.3.10:9999/actuator/nacosconfig), health=Endpoint(id=health, url=http://10.6.3.10:9999/actuator/health), refresh=Endpoint(id=refresh, url=http://10.6.3.10:9999/actuator/refresh), env=Endpoint(id=env, url=http://10.6.3.10:9999/actuator/env), nacosdiscovery=Endpoint(id=nacosdiscovery, url=http://10.6.3.10:9999/actuator/nacosdiscovery), serviceregistry=Endpoint(id=serviceregistry, url=http://10.6.3.10:9999/actuator/serviceregistry), heapdump=Endpoint(id=heapdump, url=http://10.6.3.10:9999/actuator/heapdump), features=Endpoint(id=features, url=http://10.6.3.10:9999/actuator/features), scheduledtasks=Endpoint(id=scheduledtasks, url=http://10.6.3.10:9999/actuator/scheduledtasks), mappings=Endpoint(id=mappings, url=http://10.6.3.10:9999/actuator/mappings), beans=Endpoint(id=beans, url=http://10.6.3.10:9999/actuator/beans), configprops=Endpoint(id=configprops, url=http://10.6.3.10:9999/actuator/configprops), threaddump=Endpoint(id=threaddump, url=http://10.6.3.10:9999/actuator/threaddump), metrics=Endpoint(id=metrics, url=http://10.6.3.10:9999/actuator/metrics), conditions=Endpoint(id=conditions, url=http://10.6.3.10:9999/actuator/conditions), gateway=Endpoint(id=gateway, url=http://10.6.3.10:9999/actuator/gateway), info=Endpoint(id=info, url=http://10.6.3.10:9999/actuator/info)}), buildVersion=null, tags=Tags(values={}))
org.springframework.web.reactive.function.client.WebClientRequestException: Connection refused: /10.6.3.10:9999; nested exception is io.netty.channel.AbstractChannel$AnnotatedConnectException: Connection refused: /10.6.3.10:9999
	at org.springframework.web.reactive.function.client.ExchangeFunctions$DefaultExchangeFunction.lambda$wrapException$9(ExchangeFunctions.java:141)
	Suppressed: reactor.core.publisher.FluxOnAssembly$OnAssemblyException: 
Error has been observed at the following site(s):
	|_ checkpoint  Request to GET health [DefaultWebClient]
Stack trace:
		at org.springframework.web.reactive.function.client.ExchangeFunctions$DefaultExchangeFunction.lambda$wrapException$9(ExchangeFunctions.java:141)
		at reactor.core.publisher.MonoErrorSupplied.subscribe(MonoErrorSupplied.java:55)
		at reactor.core.publisher.Mono.subscribe(Mono.java:4338)
		at reactor.core.publisher.FluxOnErrorResume$ResumeSubscriber.onError(FluxOnErrorResume.java:103)
		at reactor.core.publisher.FluxPeek$PeekSubscriber.onError(FluxPeek.java:222)
		at reactor.core.publisher.FluxPeek$PeekSubscriber.onError(FluxPeek.java:222)
		at reactor.core.publisher.FluxPeek$PeekSubscriber.onError(FluxPeek.java:222)
		at reactor.core.publisher.MonoNext$NextSubscriber.onError(MonoNext.java:93)
		at reactor.core.publisher.MonoFlatMapMany$FlatMapManyMain.onError(MonoFlatMapMany.java:204)
		at reactor.core.publisher.SerializedSubscriber.onError(SerializedSubscriber.java:124)
		at reactor.core.publisher.FluxRetryWhen$RetryWhenMainSubscriber.whenError(FluxRetryWhen.java:225)
		at reactor.core.publisher.FluxRetryWhen$RetryWhenOtherSubscriber.onError(FluxRetryWhen.java:274)
		at reactor.core.publisher.FluxConcatMap$ConcatMapImmediate.drain(FluxConcatMap.java:414)
		at reactor.core.publisher.FluxConcatMap$ConcatMapImmediate.onNext(FluxConcatMap.java:251)
		at reactor.core.publisher.EmitterProcessor.drain(EmitterProcessor.java:491)
		at reactor.core.publisher.EmitterProcessor.tryEmitNext(EmitterProcessor.java:299)
		at reactor.core.publisher.SinkManySerialized.tryEmitNext(SinkManySerialized.java:100)
		at reactor.core.publisher.InternalManySink.emitNext(InternalManySink.java:27)
		at reactor.core.publisher.FluxRetryWhen$RetryWhenMainSubscriber.onError(FluxRetryWhen.java:190)
		at reactor.core.publisher.MonoCreate$DefaultMonoSink.error(MonoCreate.java:189)
		at reactor.netty.http.client.HttpClientConnect$MonoHttpConnect$ClientTransportSubscriber.onError(HttpClientConnect.java:304)
		at reactor.core.publisher.MonoCreate$DefaultMonoSink.error(MonoCreate.java:189)
		at reactor.netty.resources.DefaultPooledConnectionProvider$DisposableAcquire.onError(DefaultPooledConnectionProvider.java:172)
		at reactor.netty.internal.shaded.reactor.pool.AbstractPool$Borrower.fail(AbstractPool.java:444)
		at reactor.netty.internal.shaded.reactor.pool.SimpleDequePool.lambda$drainLoop$9(SimpleDequePool.java:399)
		at reactor.core.publisher.FluxDoOnEach$DoOnEachSubscriber.onError(FluxDoOnEach.java:186)
		at reactor.core.publisher.MonoCreate$DefaultMonoSink.error(MonoCreate.java:189)
		at reactor.netty.resources.DefaultPooledConnectionProvider$PooledConnectionAllocator$PooledConnectionInitializer.onError(DefaultPooledConnectionProvider.java:554)
		at reactor.core.publisher.MonoFlatMap$FlatMapMain.secondError(MonoFlatMap.java:192)
		at reactor.core.publisher.MonoFlatMap$FlatMapInner.onError(MonoFlatMap.java:259)
		at reactor.core.publisher.FluxOnErrorResume$ResumeSubscriber.onError(FluxOnErrorResume.java:106)
		at reactor.core.publisher.Operators.error(Operators.java:198)
		at reactor.core.publisher.MonoError.subscribe(MonoError.java:53)
		at reactor.core.publisher.Mono.subscribe(Mono.java:4338)
		at reactor.core.publisher.FluxOnErrorResume$ResumeSubscriber.onError(FluxOnErrorResume.java:103)
		at reactor.netty.transport.TransportConnector$MonoChannelPromise.tryFailure(TransportConnector.java:517)
		at reactor.netty.transport.TransportConnector$MonoChannelPromise.setFailure(TransportConnector.java:471)
		at reactor.netty.transport.TransportConnector.lambda$doConnect$7(TransportConnector.java:206)
		at io.netty.util.concurrent.DefaultPromise.notifyListener0(DefaultPromise.java:578)
		at io.netty.util.concurrent.DefaultPromise.notifyListeners0(DefaultPromise.java:571)
		at io.netty.util.concurrent.DefaultPromise.notifyListenersNow(DefaultPromise.java:550)
		at io.netty.util.concurrent.DefaultPromise.notifyListeners(DefaultPromise.java:491)
		at io.netty.util.concurrent.DefaultPromise.setValue0(DefaultPromise.java:616)
		at io.netty.util.concurrent.DefaultPromise.setFailure0(DefaultPromise.java:609)
		at io.netty.util.concurrent.DefaultPromise.tryFailure(DefaultPromise.java:117)
		at io.netty.channel.nio.AbstractNioChannel$AbstractNioUnsafe.fulfillConnectPromise(AbstractNioChannel.java:321)
		at io.netty.channel.nio.AbstractNioChannel$AbstractNioUnsafe.finishConnect(AbstractNioChannel.java:337)
		at io.netty.channel.nio.NioEventLoop.processSelectedKey(NioEventLoop.java:707)
		at io.netty.channel.nio.NioEventLoop.processSelectedKeysOptimized(NioEventLoop.java:655)
		at io.netty.channel.nio.NioEventLoop.processSelectedKeys(NioEventLoop.java:581)
		at io.netty.channel.nio.NioEventLoop.run(NioEventLoop.java:493)
		at io.netty.util.concurrent.SingleThreadEventExecutor$4.run(SingleThreadEventExecutor.java:986)
		at io.netty.util.internal.ThreadExecutorMap$2.run(ThreadExecutorMap.java:74)
		at io.netty.util.concurrent.FastThreadLocalRunnable.run(FastThreadLocalRunnable.java:30)
		at java.lang.Thread.run(Thread.java:748)
Caused by: io.netty.channel.AbstractChannel$AnnotatedConnectException: Connection refused: /10.6.3.10:9999
Caused by: java.net.ConnectException: Connection refused
	at sun.nio.ch.SocketChannelImpl.checkConnect(Native Method)
	at sun.nio.ch.SocketChannelImpl.finishConnect(SocketChannelImpl.java:715)
	at io.netty.channel.socket.nio.NioSocketChannel.doFinishConnect(NioSocketChannel.java:330)
	at io.netty.channel.nio.AbstractNioChannel$AbstractNioUnsafe.finishConnect(AbstractNioChannel.java:334)
	at io.netty.channel.nio.NioEventLoop.processSelectedKey(NioEventLoop.java:707)
	at io.netty.channel.nio.NioEventLoop.processSelectedKeysOptimized(NioEventLoop.java:655)
	at io.netty.channel.nio.NioEventLoop.processSelectedKeys(NioEventLoop.java:581)
	at io.netty.channel.nio.NioEventLoop.run(NioEventLoop.java:493)
	at io.netty.util.concurrent.SingleThreadEventExecutor$4.run(SingleThreadEventExecutor.java:986)
	at io.netty.util.internal.ThreadExecutorMap$2.run(ThreadExecutorMap.java:74)
	at io.netty.util.concurrent.FastThreadLocalRunnable.run(FastThreadLocalRunnable.java:30)
	at java.lang.Thread.run(Thread.java:748)
2021-08-31 14:56:39,990 [main] INFO  [c.a.n.client.config.impl.LocalConfigInfoProcessor] LocalConfigInfoProcessor.java:212 - LOCAL_SNAPSHOT_PATH:/Users/jony/nacos/config
2021-08-31 14:56:40,035 [main] INFO  [com.alibaba.nacos.client.config.impl.Limiter] Limiter.java:54 - limitTime:5.0
2021-08-31 14:56:40,061 [main] INFO  [com.alibaba.nacos.client.config.utils.JvmUtil] JvmUtil.java:49 - isMultiInstance:false
2021-08-31 14:56:40,077 [main] WARN  [c.a.cloud.nacos.client.NacosPropertySourceBuilder] NacosPropertySourceBuilder.java:87 - Ignore the empty nacos configuration and get it based on dataId[dog-gateway] & group[DEFAULT_GROUP]
2021-08-31 14:56:40,080 [main] WARN  [c.a.cloud.nacos.client.NacosPropertySourceBuilder] NacosPropertySourceBuilder.java:87 - Ignore the empty nacos configuration and get it based on dataId[dog-gateway.yml] & group[DEFAULT_GROUP]
2021-08-31 14:56:40,088 [main] INFO  [o.s.c.b.c.PropertySourceBootstrapConfiguration] PropertySourceBootstrapConfiguration.java:109 - Located property source: [BootstrapPropertySource {name='bootstrapProperties-dog-gateway-dev.yml,DEFAULT_GROUP'}, BootstrapPropertySource {name='bootstrapProperties-dog-gateway.yml,DEFAULT_GROUP'}, BootstrapPropertySource {name='bootstrapProperties-dog-gateway,DEFAULT_GROUP'}, BootstrapPropertySource {name='bootstrapProperties-application-dev.yml,DEFAULT_GROUP'}]
2021-08-31 14:56:40,093 [main] INFO  [c.u.j.c.EnableEncryptablePropertiesConfiguration] EnableEncryptablePropertiesConfiguration.java:69 - Bootstraping jasypt-string-boot auto configuration in context: dog-gateway-1
2021-08-31 14:56:40,093 [main] INFO  [com.dog4cloud.dog.gateway.PigGatewayApplication] SpringApplication.java:663 - The following profiles are active: dev
2021-08-31 14:56:40,990 [main] INFO  [o.s.d.r.config.RepositoryConfigurationDelegate] RepositoryConfigurationDelegate.java:262 - Multiple Spring Data modules found, entering strict repository configuration mode!
2021-08-31 14:56:40,992 [main] INFO  [o.s.d.r.config.RepositoryConfigurationDelegate] RepositoryConfigurationDelegate.java:132 - Bootstrapping Spring Data Redis repositories in DEFAULT mode.
2021-08-31 14:56:41,010 [main] INFO  [o.s.d.r.config.RepositoryConfigurationDelegate] RepositoryConfigurationDelegate.java:201 - Finished Spring Data repository scanning in 7 ms. Found 0 Redis repository interfaces.
2021-08-31 14:56:41,123 [main] INFO  [o.springframework.cloud.context.scope.GenericScope] GenericScope.java:283 - BeanFactory id=8dc45149-27e8-3cd3-8932-0bf2685b9bbb
2021-08-31 14:56:41,135 [main] INFO  [c.u.j.c.EnableEncryptablePropertiesBeanFactoryPostProcessor] EnableEncryptablePropertiesBeanFactoryPostProcessor.java:50 - Post-processing PropertySource instances
2021-08-31 14:56:41,146 [main] INFO  [c.u.j.EncryptablePropertySourceConverter] EncryptablePropertySourceConverter.java:38 - Converting PropertySource bootstrapProperties-dog-gateway-dev.yml,DEFAULT_GROUP [org.springframework.cloud.bootstrap.config.BootstrapPropertySource] to EncryptableEnumerablePropertySourceWrapper
2021-08-31 14:56:41,147 [main] INFO  [c.u.j.EncryptablePropertySourceConverter] EncryptablePropertySourceConverter.java:38 - Converting PropertySource bootstrapProperties-dog-gateway.yml,DEFAULT_GROUP [org.springframework.cloud.bootstrap.config.BootstrapPropertySource] to EncryptableEnumerablePropertySourceWrapper
2021-08-31 14:56:41,147 [main] INFO  [c.u.j.EncryptablePropertySourceConverter] EncryptablePropertySourceConverter.java:38 - Converting PropertySource bootstrapProperties-dog-gateway,DEFAULT_GROUP [org.springframework.cloud.bootstrap.config.BootstrapPropertySource] to EncryptableEnumerablePropertySourceWrapper
2021-08-31 14:56:41,147 [main] INFO  [c.u.j.EncryptablePropertySourceConverter] EncryptablePropertySourceConverter.java:38 - Converting PropertySource bootstrapProperties-application-dev.yml,DEFAULT_GROUP [org.springframework.cloud.bootstrap.config.BootstrapPropertySource] to EncryptableEnumerablePropertySourceWrapper
2021-08-31 14:56:41,148 [main] INFO  [c.u.j.EncryptablePropertySourceConverter] EncryptablePropertySourceConverter.java:38 - Converting PropertySource configurationProperties [org.springframework.boot.context.properties.source.ConfigurationPropertySourcesPropertySource] to AOP Proxy
2021-08-31 14:56:41,148 [main] INFO  [c.u.j.EncryptablePropertySourceConverter] EncryptablePropertySourceConverter.java:38 - Converting PropertySource gateway-properties [org.springframework.core.env.MapPropertySource] to EncryptableMapPropertySourceWrapper
2021-08-31 14:56:41,148 [main] INFO  [c.u.j.EncryptablePropertySourceConverter] EncryptablePropertySourceConverter.java:38 - Converting PropertySource systemProperties [org.springframework.core.env.PropertiesPropertySource] to EncryptableMapPropertySourceWrapper
2021-08-31 14:56:41,148 [main] INFO  [c.u.j.EncryptablePropertySourceConverter] EncryptablePropertySourceConverter.java:38 - Converting PropertySource systemEnvironment [org.springframework.boot.env.SystemEnvironmentPropertySourceEnvironmentPostProcessor$OriginAwareSystemEnvironmentPropertySource] to EncryptableMapPropertySourceWrapper
2021-08-31 14:56:41,148 [main] INFO  [c.u.j.EncryptablePropertySourceConverter] EncryptablePropertySourceConverter.java:38 - Converting PropertySource random [org.springframework.boot.env.RandomValuePropertySource] to EncryptablePropertySourceWrapper
2021-08-31 14:56:41,148 [main] INFO  [c.u.j.EncryptablePropertySourceConverter] EncryptablePropertySourceConverter.java:38 - Converting PropertySource cachedrandom [org.springframework.cloud.util.random.CachedRandomPropertySource] to EncryptablePropertySourceWrapper
2021-08-31 14:56:41,148 [main] INFO  [c.u.j.EncryptablePropertySourceConverter] EncryptablePropertySourceConverter.java:38 - Converting PropertySource springCloudClientHostInfo [org.springframework.core.env.MapPropertySource] to EncryptableMapPropertySourceWrapper
2021-08-31 14:56:41,149 [main] INFO  [c.u.j.EncryptablePropertySourceConverter] EncryptablePropertySourceConverter.java:38 - Converting PropertySource defaultProperties [org.springframework.core.env.MapPropertySource] to EncryptableMapPropertySourceWrapper
2021-08-31 14:56:41,149 [main] INFO  [c.u.j.EncryptablePropertySourceConverter] EncryptablePropertySourceConverter.java:38 - Converting PropertySource springCloudDefaultProperties [org.springframework.core.env.MapPropertySource] to EncryptableMapPropertySourceWrapper
2021-08-31 14:56:41,162 [main] INFO  [c.u.j.filter.DefaultLazyPropertyFilter] DefaultLazyPropertyFilter.java:31 - Property Filter custom Bean not found with name 'encryptablePropertyFilter'. Initializing Default Property Filter
2021-08-31 14:56:41,462 [main] INFO  [c.u.j.resolver.DefaultLazyPropertyResolver] DefaultLazyPropertyResolver.java:31 - Property Resolver custom Bean not found with name 'encryptablePropertyResolver'. Initializing Default Property Resolver
2021-08-31 14:56:41,463 [main] INFO  [c.u.j.detector.DefaultLazyPropertyDetector] DefaultLazyPropertyDetector.java:30 - Property Detector custom Bean not found with name 'encryptablePropertyDetector'. Initializing Default Property Detector
2021-08-31 14:56:41,488 [main] INFO  [o.s.c.s.PostProcessorRegistrationDelegate$BeanPostProcessorChecker] PostProcessorRegistrationDelegate.java:376 - Bean 'spring.cloud.sentinel-com.alibaba.cloud.sentinel.SentinelProperties' of type [com.alibaba.cloud.sentinel.SentinelProperties] is not eligible for getting processed by all BeanPostProcessors (for example: not eligible for auto-proxying)
2021-08-31 14:56:41,546 [main] INFO  [o.s.c.s.PostProcessorRegistrationDelegate$BeanPostProcessorChecker] PostProcessorRegistrationDelegate.java:376 - Bean 'com.alibaba.cloud.sentinel.custom.SentinelAutoConfiguration' of type [com.alibaba.cloud.sentinel.custom.SentinelAutoConfiguration] is not eligible for getting processed by all BeanPostProcessors (for example: not eligible for auto-proxying)
2021-08-31 14:56:41,555 [main] INFO  [o.s.c.s.PostProcessorRegistrationDelegate$BeanPostProcessorChecker] PostProcessorRegistrationDelegate.java:376 - Bean 'org.springframework.cloud.client.loadbalancer.reactive.LoadBalancerBeanPostProcessorAutoConfiguration' of type [org.springframework.cloud.client.loadbalancer.reactive.LoadBalancerBeanPostProcessorAutoConfiguration] is not eligible for getting processed by all BeanPostProcessors (for example: not eligible for auto-proxying)
2021-08-31 14:56:41,556 [main] INFO  [o.s.c.s.PostProcessorRegistrationDelegate$BeanPostProcessorChecker] PostProcessorRegistrationDelegate.java:376 - Bean 'org.springframework.cloud.client.loadbalancer.reactive.LoadBalancerBeanPostProcessorAutoConfiguration$ReactorDeferringLoadBalancerFilterConfig' of type [org.springframework.cloud.client.loadbalancer.reactive.LoadBalancerBeanPostProcessorAutoConfiguration$ReactorDeferringLoadBalancerFilterConfig] is not eligible for getting processed by all BeanPostProcessors (for example: not eligible for auto-proxying)
2021-08-31 14:56:41,557 [main] INFO  [o.s.c.s.PostProcessorRegistrationDelegate$BeanPostProcessorChecker] PostProcessorRegistrationDelegate.java:376 - Bean 'reactorDeferringLoadBalancerExchangeFilterFunction' of type [org.springframework.cloud.client.loadbalancer.reactive.DeferringLoadBalancerExchangeFilterFunction] is not eligible for getting processed by all BeanPostProcessors (for example: not eligible for auto-proxying)
2021-08-31 14:56:42,469 [main] INFO  [c.a.c.s.gateway.scg.SentinelSCGAutoConfiguration] SentinelSCGAutoConfiguration.java:144 - [Sentinel SpringCloudGateway] register SentinelGatewayFilter with order: -2147483648
2021-08-31 14:56:42,550 [main] INFO  [o.s.c.gateway.route.RouteDefinitionRouteLocator] RouteDefinitionRouteLocator.java:88 - Loaded RoutePredicateFactory [After]
2021-08-31 14:56:42,550 [main] INFO  [o.s.c.gateway.route.RouteDefinitionRouteLocator] RouteDefinitionRouteLocator.java:88 - Loaded RoutePredicateFactory [Before]
2021-08-31 14:56:42,551 [main] INFO  [o.s.c.gateway.route.RouteDefinitionRouteLocator] RouteDefinitionRouteLocator.java:88 - Loaded RoutePredicateFactory [Between]
2021-08-31 14:56:42,552 [main] INFO  [o.s.c.gateway.route.RouteDefinitionRouteLocator] RouteDefinitionRouteLocator.java:88 - Loaded RoutePredicateFactory [Cookie]
2021-08-31 14:56:42,553 [main] INFO  [o.s.c.gateway.route.RouteDefinitionRouteLocator] RouteDefinitionRouteLocator.java:88 - Loaded RoutePredicateFactory [Header]
2021-08-31 14:56:42,553 [main] INFO  [o.s.c.gateway.route.RouteDefinitionRouteLocator] RouteDefinitionRouteLocator.java:88 - Loaded RoutePredicateFactory [Host]
2021-08-31 14:56:42,553 [main] INFO  [o.s.c.gateway.route.RouteDefinitionRouteLocator] RouteDefinitionRouteLocator.java:88 - Loaded RoutePredicateFactory [Method]
2021-08-31 14:56:42,553 [main] INFO  [o.s.c.gateway.route.RouteDefinitionRouteLocator] RouteDefinitionRouteLocator.java:88 - Loaded RoutePredicateFactory [Path]
2021-08-31 14:56:42,554 [main] INFO  [o.s.c.gateway.route.RouteDefinitionRouteLocator] RouteDefinitionRouteLocator.java:88 - Loaded RoutePredicateFactory [Query]
2021-08-31 14:56:42,554 [main] INFO  [o.s.c.gateway.route.RouteDefinitionRouteLocator] RouteDefinitionRouteLocator.java:88 - Loaded RoutePredicateFactory [ReadBody]
2021-08-31 14:56:42,554 [main] INFO  [o.s.c.gateway.route.RouteDefinitionRouteLocator] RouteDefinitionRouteLocator.java:88 - Loaded RoutePredicateFactory [RemoteAddr]
2021-08-31 14:56:42,554 [main] INFO  [o.s.c.gateway.route.RouteDefinitionRouteLocator] RouteDefinitionRouteLocator.java:88 - Loaded RoutePredicateFactory [Weight]
2021-08-31 14:56:42,554 [main] INFO  [o.s.c.gateway.route.RouteDefinitionRouteLocator] RouteDefinitionRouteLocator.java:88 - Loaded RoutePredicateFactory [CloudFoundryRouteService]
2021-08-31 14:56:42,752 [main] INFO  [com.alibaba.nacos.client.naming] InitUtils.java:65 - initializer namespace from System Property :null
2021-08-31 14:56:42,753 [main] INFO  [com.alibaba.nacos.client.naming] InitUtils.java:74 - initializer namespace from System Environment :null
2021-08-31 14:56:42,754 [main] INFO  [com.alibaba.nacos.client.naming] InitUtils.java:84 - initializer namespace from System Property :null
2021-08-31 14:56:42,905 [main] INFO  [o.s.b.actuate.endpoint.web.EndpointLinksResolver] EndpointLinksResolver.java:58 - Exposing 20 endpoint(s) beneath base path '/actuator'
2021-08-31 14:56:42,985 [main] INFO  [c.a.c.s.gateway.scg.SentinelSCGAutoConfiguration] SentinelSCGAutoConfiguration.java:134 - [Sentinel SpringCloudGateway] register SentinelGatewayBlockExceptionHandler
2021-08-31 14:56:43,285 [main] WARN  [o.s.c.l.c.LoadBalancerCacheAutoConfiguration$LoadBalancerCaffeineWarnLogger] LoadBalancerCacheAutoConfiguration.java:82 - Spring Cloud LoadBalancer is currently working with the default cache. You can switch to using Caffeine cache, by adding it and org.springframework.cache.caffeine.CaffeineCacheManager to the classpath.
2021-08-31 14:56:43,502 [main] INFO  [o.s.boot.web.embedded.netty.NettyWebServer] NettyWebServer.java:111 - Netty started on port 9999
2021-08-31 14:56:43,510 [main] INFO  [com.alibaba.nacos.client.naming] BeatReactor.java:81 - [BEAT] adding beat: BeatInfo{port=9999, ip='10.6.3.10', weight=1.0, serviceName='DEFAULT_GROUP@@dog-gateway', cluster='DEFAULT', metadata={preserved.register.source=SPRING_CLOUD}, scheduled=false, period=5000, stopped=false} to beat map.
2021-08-31 14:56:43,511 [main] INFO  [com.alibaba.nacos.client.naming] NamingProxy.java:230 - [REGISTER-SERVICE] public registering service DEFAULT_GROUP@@dog-gateway with instance: Instance{instanceId='null', ip='10.6.3.10', port=9999, weight=1.0, healthy=true, enabled=true, ephemeral=true, clusterName='DEFAULT', serviceName='null', metadata={preserved.register.source=SPRING_CLOUD}}
2021-08-31 14:56:43,515 [main] INFO  [c.a.cloud.nacos.registry.NacosServiceRegistry] NacosServiceRegistry.java:75 - nacos registry, DEFAULT_GROUP dog-gateway 10.6.3.10:9999 register finished
2021-08-31 14:56:43,546 [main] INFO  [com.dog4cloud.dog.gateway.PigGatewayApplication] StartupInfoLogger.java:61 - Started PigGatewayApplication in 4.913 seconds (JVM running for 5.753)
2021-08-31 14:56:43,551 [main] INFO  [com.alibaba.nacos.client.config.impl.ClientWorker] ClientWorker.java:239 - [fixed-dog-register_8848] [subscribe] dog-gateway.yml+DEFAULT_GROUP
2021-08-31 14:56:43,552 [main] INFO  [com.alibaba.nacos.client.config.impl.CacheData] CacheData.java:93 - [fixed-dog-register_8848] [add-listener] ok, tenant=, dataId=dog-gateway.yml, group=DEFAULT_GROUP, cnt=1
2021-08-31 14:56:43,552 [main] INFO  [com.alibaba.nacos.client.config.impl.ClientWorker] ClientWorker.java:239 - [fixed-dog-register_8848] [subscribe] dog-gateway-dev.yml+DEFAULT_GROUP
2021-08-31 14:56:43,552 [main] INFO  [com.alibaba.nacos.client.config.impl.CacheData] CacheData.java:93 - [fixed-dog-register_8848] [add-listener] ok, tenant=, dataId=dog-gateway-dev.yml, group=DEFAULT_GROUP, cnt=1
2021-08-31 14:56:43,552 [main] INFO  [com.alibaba.nacos.client.config.impl.ClientWorker] ClientWorker.java:239 - [fixed-dog-register_8848] [subscribe] dog-gateway+DEFAULT_GROUP
2021-08-31 14:56:43,553 [main] INFO  [com.alibaba.nacos.client.config.impl.CacheData] CacheData.java:93 - [fixed-dog-register_8848] [add-listener] ok, tenant=, dataId=dog-gateway, group=DEFAULT_GROUP, cnt=1
2021-08-31 14:56:44,439 [com.alibaba.nacos.client.naming.updater] INFO  [com.alibaba.nacos.client.naming] HostReactor.java:228 - new ips(1) service: DEFAULT_GROUP@@dog-gateway@@DEFAULT -> [{"instanceId":"10.6.3.10#9999#DEFAULT#DEFAULT_GROUP@@dog-gateway","ip":"10.6.3.10","port":9999,"weight":1.0,"healthy":true,"enabled":true,"ephemeral":true,"clusterName":"DEFAULT","serviceName":"DEFAULT_GROUP@@dog-gateway","metadata":{"preserved.register.source":"SPRING_CLOUD"},"ipDeleteTimeout":30000,"instanceHeartBeatInterval":5000,"instanceHeartBeatTimeOut":15000}]
2021-08-31 14:56:44,443 [com.alibaba.nacos.client.naming.updater] INFO  [com.alibaba.nacos.client.naming] HostReactor.java:267 - current ips:(1) service: DEFAULT_GROUP@@dog-gateway@@DEFAULT -> [{"instanceId":"10.6.3.10#9999#DEFAULT#DEFAULT_GROUP@@dog-gateway","ip":"10.6.3.10","port":9999,"weight":1.0,"healthy":true,"enabled":true,"ephemeral":true,"clusterName":"DEFAULT","serviceName":"DEFAULT_GROUP@@dog-gateway","metadata":{"preserved.register.source":"SPRING_CLOUD"},"ipDeleteTimeout":30000,"instanceHeartBeatInterval":5000,"instanceHeartBeatTimeOut":15000}]
2021-08-31 14:56:46,069 [com.alibaba.nacos.client.naming.updater] INFO  [com.alibaba.nacos.client.naming] HostReactor.java:228 - new ips(1) service: DEFAULT_GROUP@@dog-gateway -> [{"instanceId":"10.6.3.10#9999#DEFAULT#DEFAULT_GROUP@@dog-gateway","ip":"10.6.3.10","port":9999,"weight":1.0,"healthy":true,"enabled":true,"ephemeral":true,"clusterName":"DEFAULT","serviceName":"DEFAULT_GROUP@@dog-gateway","metadata":{"preserved.register.source":"SPRING_CLOUD"},"ipDeleteTimeout":30000,"instanceHeartBeatInterval":5000,"instanceHeartBeatTimeOut":15000}]
2021-08-31 14:56:46,070 [com.alibaba.nacos.client.naming.updater] INFO  [com.alibaba.nacos.client.naming] HostReactor.java:267 - current ips:(1) service: DEFAULT_GROUP@@dog-gateway -> [{"instanceId":"10.6.3.10#9999#DEFAULT#DEFAULT_GROUP@@dog-gateway","ip":"10.6.3.10","port":9999,"weight":1.0,"healthy":true,"enabled":true,"ephemeral":true,"clusterName":"DEFAULT","serviceName":"DEFAULT_GROUP@@dog-gateway","metadata":{"preserved.register.source":"SPRING_CLOUD"},"ipDeleteTimeout":30000,"instanceHeartBeatInterval":5000,"instanceHeartBeatTimeOut":15000}]
2021-08-31 15:03:42,374 [com.alibaba.nacos.client.naming.updater] INFO  [com.alibaba.nacos.client.naming] HostReactor.java:234 - removed ips(1) service: DEFAULT_GROUP@@dog-upms-biz -> [{"instanceId":"10.6.3.10#4000#DEFAULT#DEFAULT_GROUP@@dog-upms-biz","ip":"10.6.3.10","port":4000,"weight":1.0,"healthy":true,"enabled":true,"ephemeral":true,"clusterName":"DEFAULT","serviceName":"DEFAULT_GROUP@@dog-upms-biz","metadata":{"preserved.register.source":"SPRING_CLOUD"},"ipDeleteTimeout":30000,"instanceHeartBeatInterval":5000,"instanceHeartBeatTimeOut":15000}]
2021-08-31 15:03:42,375 [com.alibaba.nacos.client.naming.updater] INFO  [com.alibaba.nacos.client.naming] HostReactor.java:267 - current ips:(0) service: DEFAULT_GROUP@@dog-upms-biz -> []
2021-08-31 15:03:49,695 [main] INFO  [c.a.n.client.config.impl.LocalConfigInfoProcessor] LocalConfigInfoProcessor.java:212 - LOCAL_SNAPSHOT_PATH:/Users/jony/nacos/config
2021-08-31 15:03:49,732 [main] INFO  [com.alibaba.nacos.client.config.impl.Limiter] Limiter.java:54 - limitTime:5.0
2021-08-31 15:03:49,761 [main] INFO  [com.alibaba.nacos.client.config.utils.JvmUtil] JvmUtil.java:49 - isMultiInstance:false
2021-08-31 15:03:49,775 [main] WARN  [c.a.cloud.nacos.client.NacosPropertySourceBuilder] NacosPropertySourceBuilder.java:87 - Ignore the empty nacos configuration and get it based on dataId[dog-upms-biz] & group[DEFAULT_GROUP]
2021-08-31 15:03:49,781 [main] WARN  [c.a.cloud.nacos.client.NacosPropertySourceBuilder] NacosPropertySourceBuilder.java:87 - Ignore the empty nacos configuration and get it based on dataId[dog-upms-biz.yml] & group[DEFAULT_GROUP]
2021-08-31 15:03:49,787 [main] INFO  [o.s.c.b.c.PropertySourceBootstrapConfiguration] PropertySourceBootstrapConfiguration.java:109 - Located property source: [BootstrapPropertySource {name='bootstrapProperties-dog-upms-biz-dev.yml,DEFAULT_GROUP'}, BootstrapPropertySource {name='bootstrapProperties-dog-upms-biz.yml,DEFAULT_GROUP'}, BootstrapPropertySource {name='bootstrapProperties-dog-upms-biz,DEFAULT_GROUP'}, BootstrapPropertySource {name='bootstrapProperties-application-dev.yml,DEFAULT_GROUP'}]
2021-08-31 15:03:59,999 [Nacos-Watch-Task-Scheduler-1] INFO  [d.c.b.a.s.c.discovery.InstanceDiscoveryListener] InstanceDiscoveryListener.java:138 - Instance 'a923a5d8d075' missing in DiscoveryClient services and will be removed.
2021-08-31 15:04:12,168 [com.alibaba.nacos.client.naming.updater] INFO  [com.alibaba.nacos.client.naming] HostReactor.java:234 - removed ips(1) service: DEFAULT_GROUP@@dog-auth -> [{"instanceId":"10.6.3.10#3000#DEFAULT#DEFAULT_GROUP@@dog-auth","ip":"10.6.3.10","port":3000,"weight":1.0,"healthy":true,"enabled":true,"ephemeral":true,"clusterName":"DEFAULT","serviceName":"DEFAULT_GROUP@@dog-auth","metadata":{"preserved.register.source":"SPRING_CLOUD"},"ipDeleteTimeout":30000,"instanceHeartBeatInterval":5000,"instanceHeartBeatTimeOut":15000}]
2021-08-31 15:04:12,170 [com.alibaba.nacos.client.naming.updater] INFO  [com.alibaba.nacos.client.naming] HostReactor.java:267 - current ips:(0) service: DEFAULT_GROUP@@dog-auth -> []
2021-08-31 15:04:12,410 [com.alibaba.nacos.client.naming.updater] INFO  [com.alibaba.nacos.client.naming] HostReactor.java:228 - new ips(1) service: DEFAULT_GROUP@@dog-upms-biz -> [{"instanceId":"10.6.3.10#4000#DEFAULT#DEFAULT_GROUP@@dog-upms-biz","ip":"10.6.3.10","port":4000,"weight":1.0,"healthy":true,"enabled":true,"ephemeral":true,"clusterName":"DEFAULT","serviceName":"DEFAULT_GROUP@@dog-upms-biz","metadata":{"preserved.register.source":"SPRING_CLOUD"},"ipDeleteTimeout":30000,"instanceHeartBeatInterval":5000,"instanceHeartBeatTimeOut":15000}]
2021-08-31 15:04:12,411 [com.alibaba.nacos.client.naming.updater] INFO  [com.alibaba.nacos.client.naming] HostReactor.java:267 - current ips:(1) service: DEFAULT_GROUP@@dog-upms-biz -> [{"instanceId":"10.6.3.10#4000#DEFAULT#DEFAULT_GROUP@@dog-upms-biz","ip":"10.6.3.10","port":4000,"weight":1.0,"healthy":true,"enabled":true,"ephemeral":true,"clusterName":"DEFAULT","serviceName":"DEFAULT_GROUP@@dog-upms-biz","metadata":{"preserved.register.source":"SPRING_CLOUD"},"ipDeleteTimeout":30000,"instanceHeartBeatInterval":5000,"instanceHeartBeatTimeOut":15000}]
2021-08-31 15:04:17,511 [reactor-http-nio-1] INFO  [d.c.boot.admin.server.services.StatusUpdater] StatusUpdater.java:127 - Couldn't retrieve status for Instance(id=b9d19127019c, version=2, registration=Registration(name=dog-auth, managementUrl=http://10.6.3.10:3000/actuator, healthUrl=http://10.6.3.10:3000/actuator/health, serviceUrl=http://10.6.3.10:3000, source=discovery), registered=true, statusInfo=StatusInfo(status=UP, details={}), statusTimestamp=2021-08-31T06:05:59.126Z, info=Info(values={}), endpoints=Endpoints(endpoints={sentinel=Endpoint(id=sentinel, url=http://10.6.3.10:3000/actuator/sentinel), caches=Endpoint(id=caches, url=http://10.6.3.10:3000/actuator/caches), loggers=Endpoint(id=loggers, url=http://10.6.3.10:3000/actuator/loggers), logfile=Endpoint(id=logfile, url=http://10.6.3.10:3000/actuator/logfile), nacosconfig=Endpoint(id=nacosconfig, url=http://10.6.3.10:3000/actuator/nacosconfig), health=Endpoint(id=health, url=http://10.6.3.10:3000/actuator/health), refresh=Endpoint(id=refresh, url=http://10.6.3.10:3000/actuator/refresh), env=Endpoint(id=env, url=http://10.6.3.10:3000/actuator/env), nacosdiscovery=Endpoint(id=nacosdiscovery, url=http://10.6.3.10:3000/actuator/nacosdiscovery), serviceregistry=Endpoint(id=serviceregistry, url=http://10.6.3.10:3000/actuator/serviceregistry), heapdump=Endpoint(id=heapdump, url=http://10.6.3.10:3000/actuator/heapdump), features=Endpoint(id=features, url=http://10.6.3.10:3000/actuator/features), scheduledtasks=Endpoint(id=scheduledtasks, url=http://10.6.3.10:3000/actuator/scheduledtasks), mappings=Endpoint(id=mappings, url=http://10.6.3.10:3000/actuator/mappings), beans=Endpoint(id=beans, url=http://10.6.3.10:3000/actuator/beans), configprops=Endpoint(id=configprops, url=http://10.6.3.10:3000/actuator/configprops), threaddump=Endpoint(id=threaddump, url=http://10.6.3.10:3000/actuator/threaddump), metrics=Endpoint(id=metrics, url=http://10.6.3.10:3000/actuator/metrics), conditions=Endpoint(id=conditions, url=http://10.6.3.10:3000/actuator/conditions), info=Endpoint(id=info, url=http://10.6.3.10:3000/actuator/info)}), buildVersion=null, tags=Tags(values={}))
org.springframework.web.reactive.function.client.WebClientRequestException: Connection refused: /10.6.3.10:3000; nested exception is io.netty.channel.AbstractChannel$AnnotatedConnectException: Connection refused: /10.6.3.10:3000
	at org.springframework.web.reactive.function.client.ExchangeFunctions$DefaultExchangeFunction.lambda$wrapException$9(ExchangeFunctions.java:141)
	Suppressed: reactor.core.publisher.FluxOnAssembly$OnAssemblyException: 
Error has been observed at the following site(s):
	|_ checkpoint  Request to GET health [DefaultWebClient]
Stack trace:
		at org.springframework.web.reactive.function.client.ExchangeFunctions$DefaultExchangeFunction.lambda$wrapException$9(ExchangeFunctions.java:141)
		at reactor.core.publisher.MonoErrorSupplied.subscribe(MonoErrorSupplied.java:55)
		at reactor.core.publisher.Mono.subscribe(Mono.java:4338)
		at reactor.core.publisher.FluxOnErrorResume$ResumeSubscriber.onError(FluxOnErrorResume.java:103)
		at reactor.core.publisher.FluxPeek$PeekSubscriber.onError(FluxPeek.java:222)
		at reactor.core.publisher.FluxPeek$PeekSubscriber.onError(FluxPeek.java:222)
		at reactor.core.publisher.FluxPeek$PeekSubscriber.onError(FluxPeek.java:222)
		at reactor.core.publisher.MonoNext$NextSubscriber.onError(MonoNext.java:93)
		at reactor.core.publisher.MonoFlatMapMany$FlatMapManyMain.onError(MonoFlatMapMany.java:204)
		at reactor.core.publisher.SerializedSubscriber.onError(SerializedSubscriber.java:124)
		at reactor.core.publisher.FluxRetryWhen$RetryWhenMainSubscriber.whenError(FluxRetryWhen.java:225)
		at reactor.core.publisher.FluxRetryWhen$RetryWhenOtherSubscriber.onError(FluxRetryWhen.java:274)
		at reactor.core.publisher.FluxConcatMap$ConcatMapImmediate.drain(FluxConcatMap.java:414)
		at reactor.core.publisher.FluxConcatMap$ConcatMapImmediate.onNext(FluxConcatMap.java:251)
		at reactor.core.publisher.EmitterProcessor.drain(EmitterProcessor.java:491)
		at reactor.core.publisher.EmitterProcessor.tryEmitNext(EmitterProcessor.java:299)
		at reactor.core.publisher.SinkManySerialized.tryEmitNext(SinkManySerialized.java:100)
		at reactor.core.publisher.InternalManySink.emitNext(InternalManySink.java:27)
		at reactor.core.publisher.FluxRetryWhen$RetryWhenMainSubscriber.onError(FluxRetryWhen.java:190)
		at reactor.core.publisher.MonoCreate$DefaultMonoSink.error(MonoCreate.java:189)
		at reactor.netty.http.client.HttpClientConnect$MonoHttpConnect$ClientTransportSubscriber.onError(HttpClientConnect.java:304)
		at reactor.core.publisher.MonoCreate$DefaultMonoSink.error(MonoCreate.java:189)
		at reactor.netty.resources.DefaultPooledConnectionProvider$DisposableAcquire.onError(DefaultPooledConnectionProvider.java:172)
		at reactor.netty.internal.shaded.reactor.pool.AbstractPool$Borrower.fail(AbstractPool.java:444)
		at reactor.netty.internal.shaded.reactor.pool.SimpleDequePool.lambda$drainLoop$9(SimpleDequePool.java:399)
		at reactor.core.publisher.FluxDoOnEach$DoOnEachSubscriber.onError(FluxDoOnEach.java:186)
		at reactor.core.publisher.MonoCreate$DefaultMonoSink.error(MonoCreate.java:189)
		at reactor.netty.resources.DefaultPooledConnectionProvider$PooledConnectionAllocator$PooledConnectionInitializer.onError(DefaultPooledConnectionProvider.java:554)
		at reactor.core.publisher.MonoFlatMap$FlatMapMain.secondError(MonoFlatMap.java:192)
		at reactor.core.publisher.MonoFlatMap$FlatMapInner.onError(MonoFlatMap.java:259)
		at reactor.core.publisher.FluxOnErrorResume$ResumeSubscriber.onError(FluxOnErrorResume.java:106)
		at reactor.core.publisher.Operators.error(Operators.java:198)
		at reactor.core.publisher.MonoError.subscribe(MonoError.java:53)
		at reactor.core.publisher.Mono.subscribe(Mono.java:4338)
		at reactor.core.publisher.FluxOnErrorResume$ResumeSubscriber.onError(FluxOnErrorResume.java:103)
		at reactor.netty.transport.TransportConnector$MonoChannelPromise.tryFailure(TransportConnector.java:517)
		at reactor.netty.transport.TransportConnector$MonoChannelPromise.setFailure(TransportConnector.java:471)
		at reactor.netty.transport.TransportConnector.lambda$doConnect$7(TransportConnector.java:206)
		at io.netty.util.concurrent.DefaultPromise.notifyListener0(DefaultPromise.java:578)
		at io.netty.util.concurrent.DefaultPromise.notifyListeners0(DefaultPromise.java:571)
		at io.netty.util.concurrent.DefaultPromise.notifyListenersNow(DefaultPromise.java:550)
		at io.netty.util.concurrent.DefaultPromise.notifyListeners(DefaultPromise.java:491)
		at io.netty.util.concurrent.DefaultPromise.setValue0(DefaultPromise.java:616)
		at io.netty.util.concurrent.DefaultPromise.setFailure0(DefaultPromise.java:609)
		at io.netty.util.concurrent.DefaultPromise.tryFailure(DefaultPromise.java:117)
		at io.netty.channel.nio.AbstractNioChannel$AbstractNioUnsafe.fulfillConnectPromise(AbstractNioChannel.java:321)
		at io.netty.channel.nio.AbstractNioChannel$AbstractNioUnsafe.finishConnect(AbstractNioChannel.java:337)
		at io.netty.channel.nio.NioEventLoop.processSelectedKey(NioEventLoop.java:707)
		at io.netty.channel.nio.NioEventLoop.processSelectedKeysOptimized(NioEventLoop.java:655)
		at io.netty.channel.nio.NioEventLoop.processSelectedKeys(NioEventLoop.java:581)
		at io.netty.channel.nio.NioEventLoop.run(NioEventLoop.java:493)
		at io.netty.util.concurrent.SingleThreadEventExecutor$4.run(SingleThreadEventExecutor.java:986)
		at io.netty.util.internal.ThreadExecutorMap$2.run(ThreadExecutorMap.java:74)
		at io.netty.util.concurrent.FastThreadLocalRunnable.run(FastThreadLocalRunnable.java:30)
		at java.lang.Thread.run(Thread.java:748)
Caused by: io.netty.channel.AbstractChannel$AnnotatedConnectException: Connection refused: /10.6.3.10:3000
Caused by: java.net.ConnectException: Connection refused
	at sun.nio.ch.SocketChannelImpl.checkConnect(Native Method)
	at sun.nio.ch.SocketChannelImpl.finishConnect(SocketChannelImpl.java:715)
	at io.netty.channel.socket.nio.NioSocketChannel.doFinishConnect(NioSocketChannel.java:330)
	at io.netty.channel.nio.AbstractNioChannel$AbstractNioUnsafe.finishConnect(AbstractNioChannel.java:334)
	at io.netty.channel.nio.NioEventLoop.processSelectedKey(NioEventLoop.java:707)
	at io.netty.channel.nio.NioEventLoop.processSelectedKeysOptimized(NioEventLoop.java:655)
	at io.netty.channel.nio.NioEventLoop.processSelectedKeys(NioEventLoop.java:581)
	at io.netty.channel.nio.NioEventLoop.run(NioEventLoop.java:493)
	at io.netty.util.concurrent.SingleThreadEventExecutor$4.run(SingleThreadEventExecutor.java:986)
	at io.netty.util.internal.ThreadExecutorMap$2.run(ThreadExecutorMap.java:74)
	at io.netty.util.concurrent.FastThreadLocalRunnable.run(FastThreadLocalRunnable.java:30)
	at java.lang.Thread.run(Thread.java:748)
2021-08-31 15:04:21,160 [main] INFO  [c.a.n.client.config.impl.LocalConfigInfoProcessor] LocalConfigInfoProcessor.java:212 - LOCAL_SNAPSHOT_PATH:/Users/jony/nacos/config
2021-08-31 15:04:21,182 [main] INFO  [com.alibaba.nacos.client.config.impl.Limiter] Limiter.java:54 - limitTime:5.0
2021-08-31 15:04:21,209 [main] INFO  [com.alibaba.nacos.client.config.utils.JvmUtil] JvmUtil.java:49 - isMultiInstance:false
2021-08-31 15:04:21,227 [main] WARN  [c.a.cloud.nacos.client.NacosPropertySourceBuilder] NacosPropertySourceBuilder.java:87 - Ignore the empty nacos configuration and get it based on dataId[dog-auth] & group[DEFAULT_GROUP]
2021-08-31 15:04:21,232 [main] WARN  [c.a.cloud.nacos.client.NacosPropertySourceBuilder] NacosPropertySourceBuilder.java:87 - Ignore the empty nacos configuration and get it based on dataId[dog-auth.yml] & group[DEFAULT_GROUP]
2021-08-31 15:04:21,239 [main] INFO  [o.s.c.b.c.PropertySourceBootstrapConfiguration] PropertySourceBootstrapConfiguration.java:109 - Located property source: [BootstrapPropertySource {name='bootstrapProperties-dog-auth-dev.yml,DEFAULT_GROUP'}, BootstrapPropertySource {name='bootstrapProperties-dog-auth.yml,DEFAULT_GROUP'}, BootstrapPropertySource {name='bootstrapProperties-dog-auth,DEFAULT_GROUP'}, BootstrapPropertySource {name='bootstrapProperties-application-dev.yml,DEFAULT_GROUP'}]
2021-08-31 15:04:30,011 [Nacos-Watch-Task-Scheduler-1] INFO  [d.c.b.a.s.c.discovery.InstanceDiscoveryListener] InstanceDiscoveryListener.java:138 - Instance 'b9d19127019c' missing in DiscoveryClient services and will be removed.
2021-08-31 15:04:42,191 [com.alibaba.nacos.client.naming.updater] INFO  [com.alibaba.nacos.client.naming] HostReactor.java:228 - new ips(1) service: DEFAULT_GROUP@@dog-auth -> [{"instanceId":"10.6.3.10#3000#DEFAULT#DEFAULT_GROUP@@dog-auth","ip":"10.6.3.10","port":3000,"weight":1.0,"healthy":true,"enabled":true,"ephemeral":true,"clusterName":"DEFAULT","serviceName":"DEFAULT_GROUP@@dog-auth","metadata":{"preserved.register.source":"SPRING_CLOUD"},"ipDeleteTimeout":30000,"instanceHeartBeatInterval":5000,"instanceHeartBeatTimeOut":15000}]
2021-08-31 15:04:42,192 [com.alibaba.nacos.client.naming.updater] INFO  [com.alibaba.nacos.client.naming] HostReactor.java:267 - current ips:(1) service: DEFAULT_GROUP@@dog-auth -> [{"instanceId":"10.6.3.10#3000#DEFAULT#DEFAULT_GROUP@@dog-auth","ip":"10.6.3.10","port":3000,"weight":1.0,"healthy":true,"enabled":true,"ephemeral":true,"clusterName":"DEFAULT","serviceName":"DEFAULT_GROUP@@dog-auth","metadata":{"preserved.register.source":"SPRING_CLOUD"},"ipDeleteTimeout":30000,"instanceHeartBeatInterval":5000,"instanceHeartBeatTimeOut":15000}]
2021-08-31 15:27:31,303 [boundedElastic-9] INFO  [com.alibaba.nacos.client.naming] HostReactor.java:228 - new ips(1) service: DEFAULT_GROUP@@dog-auth -> [{"instanceId":"10.6.3.10#3000#DEFAULT#DEFAULT_GROUP@@dog-auth","ip":"10.6.3.10","port":3000,"weight":1.0,"healthy":true,"enabled":true,"ephemeral":true,"clusterName":"DEFAULT","serviceName":"DEFAULT_GROUP@@dog-auth","metadata":{"preserved.register.source":"SPRING_CLOUD"},"ipDeleteTimeout":30000,"instanceHeartBeatInterval":5000,"instanceHeartBeatTimeOut":15000}]
2021-08-31 15:27:31,305 [boundedElastic-9] INFO  [com.alibaba.nacos.client.naming] HostReactor.java:267 - current ips:(1) service: DEFAULT_GROUP@@dog-auth -> [{"instanceId":"10.6.3.10#3000#DEFAULT#DEFAULT_GROUP@@dog-auth","ip":"10.6.3.10","port":3000,"weight":1.0,"healthy":true,"enabled":true,"ephemeral":true,"clusterName":"DEFAULT","serviceName":"DEFAULT_GROUP@@dog-auth","metadata":{"preserved.register.source":"SPRING_CLOUD"},"ipDeleteTimeout":30000,"instanceHeartBeatInterval":5000,"instanceHeartBeatTimeOut":15000}]
2021-08-31 15:27:32,141 [boundedElastic-9] INFO  [com.alibaba.nacos.client.naming] HostReactor.java:228 - new ips(1) service: DEFAULT_GROUP@@dog-upms-biz -> [{"instanceId":"10.6.3.10#4000#DEFAULT#DEFAULT_GROUP@@dog-upms-biz","ip":"10.6.3.10","port":4000,"weight":1.0,"healthy":true,"enabled":true,"ephemeral":true,"clusterName":"DEFAULT","serviceName":"DEFAULT_GROUP@@dog-upms-biz","metadata":{"preserved.register.source":"SPRING_CLOUD"},"ipDeleteTimeout":30000,"instanceHeartBeatInterval":5000,"instanceHeartBeatTimeOut":15000}]
2021-08-31 15:27:32,143 [boundedElastic-9] INFO  [com.alibaba.nacos.client.naming] HostReactor.java:267 - current ips:(1) service: DEFAULT_GROUP@@dog-upms-biz -> [{"instanceId":"10.6.3.10#4000#DEFAULT#DEFAULT_GROUP@@dog-upms-biz","ip":"10.6.3.10","port":4000,"weight":1.0,"healthy":true,"enabled":true,"ephemeral":true,"clusterName":"DEFAULT","serviceName":"DEFAULT_GROUP@@dog-upms-biz","metadata":{"preserved.register.source":"SPRING_CLOUD"},"ipDeleteTimeout":30000,"instanceHeartBeatInterval":5000,"instanceHeartBeatTimeOut":15000}]
